2025-10-24 13:21:26,614 [INFO] django.utils.autoreload - Watching for file changes with StatReloader
2025-10-24 13:31:43,549 [INFO] django.server - "OPTIONS /api/filters_address/districts/?state=Maharashtra HTTP/1.1" 200 0
2025-10-24 13:31:43,566 [INFO] django.server - "OPTIONS /api/filters_address/districts/?state=Maharashtra HTTP/1.1" 200 0
2025-10-24 13:31:43,930 [WARNING] django.server - "GET //static/images/default-avatar.png HTTP/1.1" 404 2002
2025-10-24 13:31:43,988 [WARNING] django.request - Unauthorized: /api/filters_address/districts/
2025-10-24 13:31:43,989 [WARNING] django.server - "GET /api/filters_address/districts/?state=Maharashtra HTTP/1.1" 401 172
2025-10-24 13:31:43,995 [WARNING] django.request - Unauthorized: /api/filters_address/districts/
2025-10-24 13:31:43,996 [INFO] django.server - "OPTIONS /api/token/refresh/ HTTP/1.1" 200 0
2025-10-24 13:31:44,006 [WARNING] django.server - "GET /api/filters_address/districts/?state=Maharashtra HTTP/1.1" 401 172
2025-10-24 13:31:44,360 [INFO] django.server - "POST /api/token/refresh/ HTTP/1.1" 200 582
2025-10-24 13:31:44,604 [INFO] Mainapp.viewsets.filters - DISTRICTS request received from client: 127.0.0.1
2025-10-24 13:31:44,633 [DEBUG] Mainapp.viewsets.filters - Request query params: {'state': ['Maharashtra']}
2025-10-24 13:31:44,705 [DEBUG] Mainapp.viewsets.filters - Fetching districts for state: Maharashtra
2025-10-24 13:31:44,895 [DEBUG] Mainapp.viewsets.filters - Found 0 districts from Person model for state: Maharashtra
2025-10-24 13:31:44,949 [DEBUG] Mainapp.viewsets.filters - Found 0 districts from Address model for state: Maharashtra
2025-10-24 13:31:44,956 [DEBUG] Mainapp.viewsets.filters - Normalizing queryset with 0 items
2025-10-24 13:31:44,959 [DEBUG] Mainapp.viewsets.filters - Normalized to 0 unique items
2025-10-24 13:31:44,971 [DEBUG] Mainapp.viewsets.filters - Normalizing queryset with 0 items
2025-10-24 13:31:44,972 [DEBUG] Mainapp.viewsets.filters - Normalized to 0 unique items
2025-10-24 13:31:44,973 [INFO] Mainapp.viewsets.filters - Returning 0 unique districts for state: Maharashtra
2025-10-24 13:31:44,980 [DEBUG] Mainapp.viewsets.filters - Districts data for Maharashtra: []
2025-10-24 13:31:44,999 [INFO] django.server - "GET /api/filters_address/districts/?state=Maharashtra HTTP/1.1" 200 2
2025-10-24 13:31:45,298 [INFO] Mainapp.viewsets.filters - DISTRICTS request received from client: 127.0.0.1
2025-10-24 13:31:45,300 [DEBUG] Mainapp.viewsets.filters - Request query params: {'state': ['Maharashtra']}
2025-10-24 13:31:45,306 [DEBUG] Mainapp.viewsets.filters - Fetching districts for state: Maharashtra
2025-10-24 13:31:45,377 [DEBUG] Mainapp.viewsets.filters - Found 0 districts from Person model for state: Maharashtra
2025-10-24 13:31:45,408 [DEBUG] Mainapp.viewsets.filters - Found 0 districts from Address model for state: Maharashtra
2025-10-24 13:31:45,413 [DEBUG] Mainapp.viewsets.filters - Normalizing queryset with 0 items
2025-10-24 13:31:45,416 [DEBUG] Mainapp.viewsets.filters - Normalized to 0 unique items
2025-10-24 13:31:45,420 [DEBUG] Mainapp.viewsets.filters - Normalizing queryset with 0 items
2025-10-24 13:31:45,420 [DEBUG] Mainapp.viewsets.filters - Normalized to 0 unique items
2025-10-24 13:31:45,421 [INFO] Mainapp.viewsets.filters - Returning 0 unique districts for state: Maharashtra
2025-10-24 13:31:45,424 [DEBUG] Mainapp.viewsets.filters - Districts data for Maharashtra: []
2025-10-24 13:31:45,426 [INFO] django.server - "GET /api/filters_address/districts/?state=Maharashtra HTTP/1.1" 200 2
2025-10-24 13:31:51,174 [INFO] django.server - "OPTIONS /api/changelogs/ HTTP/1.1" 200 0
2025-10-24 13:31:51,356 [INFO] django.server - "GET /api/changelogs/ HTTP/1.1" 200 2
2025-10-24 13:31:59,346 [INFO] django.server - "OPTIONS /api/persons/missing-persons/?state=Maharashtra&case_status=pending&page=1&page_size=10 HTTP/1.1" 200 0
2025-10-24 13:31:59,347 [INFO] django.server - "OPTIONS /api/persons/missing-persons/?state=Maharashtra&case_status=resolved&page=1&page_size=10 HTTP/1.1" 200 0
2025-10-24 13:31:59,517 [INFO] Mainapp.viewsets.filters - DISTRICTS request received from client: 127.0.0.1
2025-10-24 13:31:59,518 [DEBUG] Mainapp.viewsets.filters - Request query params: {'state': ['Maharashtra']}
2025-10-24 13:31:59,520 [DEBUG] Mainapp.viewsets.person_api - Getting permissions for action: missing_persons
2025-10-24 13:31:59,521 [DEBUG] Mainapp.viewsets.filters - Fetching districts for state: Maharashtra
2025-10-24 13:31:59,521 [INFO] Mainapp.viewsets.person_api - Allowing public access for action: missing_persons
2025-10-24 13:31:59,522 [INFO] Mainapp.viewsets.person_api - MISSING PERSONS list request
2025-10-24 13:31:59,525 [DEBUG] Mainapp.viewsets.person_api - Getting permissions for action: missing_persons
2025-10-24 13:31:59,526 [INFO] Mainapp.viewsets.person_api - Getting persons by type: Missing Person
2025-10-24 13:31:59,526 [INFO] Mainapp.viewsets.person_api - Allowing public access for action: missing_persons
2025-10-24 13:31:59,527 [DEBUG] Mainapp.viewsets.person_api - Query parameters: {'state': ['Maharashtra'], 'case_status': ['pending'], 'page': ['1'], 'page_size': ['10']}
2025-10-24 13:31:59,527 [INFO] Mainapp.viewsets.person_api - MISSING PERSONS list request
2025-10-24 13:31:59,538 [INFO] Mainapp.viewsets.person_api - Getting persons by type: Missing Person
2025-10-24 13:31:59,538 [DEBUG] Mainapp.viewsets.person_api - Query parameters: {'state': ['Maharashtra'], 'case_status': ['resolved'], 'page': ['1'], 'page_size': ['10']}
2025-10-24 13:31:59,598 [DEBUG] Mainapp.viewsets.filters - Found 0 districts from Person model for state: Maharashtra
2025-10-24 13:31:59,625 [DEBUG] Mainapp.viewsets.person_api - Filtered persons count: 0
2025-10-24 13:31:59,630 [INFO] Mainapp.viewsets.person_api - No missing person found with given filters
2025-10-24 13:31:59,646 [INFO] django.server - "GET /api/persons/missing-persons/?state=Maharashtra&case_status=resolved&page=1&page_size=10 HTTP/1.1" 200 37
2025-10-24 13:31:59,649 [DEBUG] Mainapp.viewsets.person_api - Filtered persons count: 0
2025-10-24 13:31:59,657 [INFO] Mainapp.viewsets.person_api - No missing person found with given filters
2025-10-24 13:31:59,660 [INFO] django.server - "GET /api/persons/missing-persons/?state=Maharashtra&case_status=pending&page=1&page_size=10 HTTP/1.1" 200 37
2025-10-24 13:31:59,669 [DEBUG] Mainapp.viewsets.filters - Found 0 districts from Address model for state: Maharashtra
2025-10-24 13:31:59,679 [DEBUG] Mainapp.viewsets.filters - Normalizing queryset with 0 items
2025-10-24 13:31:59,681 [DEBUG] Mainapp.viewsets.filters - Normalized to 0 unique items
2025-10-24 13:31:59,685 [DEBUG] Mainapp.viewsets.filters - Normalizing queryset with 0 items
2025-10-24 13:31:59,688 [DEBUG] Mainapp.viewsets.filters - Normalized to 0 unique items
2025-10-24 13:31:59,689 [INFO] Mainapp.viewsets.filters - Returning 0 unique districts for state: Maharashtra
2025-10-24 13:31:59,690 [DEBUG] Mainapp.viewsets.filters - Districts data for Maharashtra: []
2025-10-24 13:31:59,691 [INFO] django.server - "GET /api/filters_address/districts/?state=Maharashtra HTTP/1.1" 200 2
