2025-09-26 09:08:22,121 [INFO] django.server - - Broken pipe from ('127.0.0.1', 64859)
2025-09-26 10:04:19,772 [INFO] django.server - "OPTIONS /api/filters_address/districts/?state=Maharashtra HTTP/1.1" 200 0
2025-09-26 10:04:19,790 [INFO] django.server - "OPTIONS /api/filters_address/districts/?state=Maharashtra HTTP/1.1" 200 0
2025-09-26 10:04:19,927 [WARNING] django.server - "GET //static/images/default-avatar.png HTTP/1.1" 404 2002
2025-09-26 10:04:20,063 [INFO] Mainapp.viewsets.filters - DISTRICTS request received from client: 127.0.0.1
2025-09-26 10:04:20,065 [DEBUG] Mainapp.viewsets.filters - Request query params: {'state': ['Maharashtra']}
2025-09-26 10:04:20,067 [DEBUG] Mainapp.viewsets.filters - Fetching districts for state: Maharashtra
2025-09-26 10:04:20,173 [DEBUG] Mainapp.viewsets.filters - Found 11 districts from Person model for state: Maharashtra
2025-09-26 10:04:20,222 [DEBUG] Mainapp.viewsets.filters - Found 6 districts from Address model for state: Maharashtra
2025-09-26 10:04:20,226 [DEBUG] Mainapp.viewsets.filters - Normalizing queryset with 11 items
2025-09-26 10:04:20,227 [DEBUG] Mainapp.viewsets.filters - Normalized to 3 unique items
2025-09-26 10:04:20,229 [DEBUG] Mainapp.viewsets.filters - Normalizing queryset with 6 items
2025-09-26 10:04:20,231 [DEBUG] Mainapp.viewsets.filters - Normalized to 3 unique items
2025-09-26 10:04:20,232 [INFO] Mainapp.viewsets.filters - Returning 4 unique districts for state: Maharashtra
2025-09-26 10:04:20,233 [DEBUG] Mainapp.viewsets.filters - Districts data for Maharashtra: ['Amravati', 'Jalna', 'Mumbai', 'Pune']
2025-09-26 10:04:20,239 [INFO] django.server - "GET /api/filters_address/districts/?state=Maharashtra HTTP/1.1" 200 36
2025-09-26 10:04:20,360 [INFO] Mainapp.viewsets.filters - DISTRICTS request received from client: 127.0.0.1
2025-09-26 10:04:20,361 [DEBUG] Mainapp.viewsets.filters - Request query params: {'state': ['Maharashtra']}
2025-09-26 10:04:20,363 [DEBUG] Mainapp.viewsets.filters - Fetching districts for state: Maharashtra
2025-09-26 10:04:20,435 [DEBUG] Mainapp.viewsets.filters - Found 11 districts from Person model for state: Maharashtra
2025-09-26 10:04:20,464 [DEBUG] Mainapp.viewsets.filters - Found 6 districts from Address model for state: Maharashtra
2025-09-26 10:04:20,468 [DEBUG] Mainapp.viewsets.filters - Normalizing queryset with 11 items
2025-09-26 10:04:20,469 [DEBUG] Mainapp.viewsets.filters - Normalized to 3 unique items
2025-09-26 10:04:20,470 [DEBUG] Mainapp.viewsets.filters - Normalizing queryset with 6 items
2025-09-26 10:04:20,472 [DEBUG] Mainapp.viewsets.filters - Normalized to 3 unique items
2025-09-26 10:04:20,473 [INFO] Mainapp.viewsets.filters - Returning 4 unique districts for state: Maharashtra
2025-09-26 10:04:20,473 [DEBUG] Mainapp.viewsets.filters - Districts data for Maharashtra: ['Amravati', 'Jalna', 'Mumbai', 'Pune']
2025-09-26 10:04:20,474 [INFO] django.server - "GET /api/filters_address/districts/?state=Maharashtra HTTP/1.1" 200 36
2025-09-26 10:04:27,596 [INFO] django.server - "OPTIONS /api/persons/unidentified-bodies/?full_name=&city=&state=Maharashtra&startDate=null&endDate=null&caste=&age_range=&marital_status=&blood_group=&height_range=&district=&gender=&case_id=&case_status=resolved&page=1&page_size=10 HTTP/1.1" 200 0
2025-09-26 10:04:27,596 [INFO] django.server - "OPTIONS /api/persons/unidentified-bodies/?full_name=&city=&state=Maharashtra&startDate=null&endDate=null&caste=&age_range=&marital_status=&blood_group=&height_range=&district=&gender=&case_id=&case_status=pending&page=1&page_size=10 HTTP/1.1" 200 0
2025-09-26 10:04:27,731 [DEBUG] Mainapp.viewsets.person_api - Getting permissions for action: unidentified_bodies
2025-09-26 10:04:27,761 [INFO] Mainapp.viewsets.person_api - Allowing public access for action: unidentified_bodies
2025-09-26 10:04:27,774 [INFO] Mainapp.viewsets.person_api - UNIDENTIFIED BODIES list request
2025-09-26 10:04:27,775 [INFO] Mainapp.viewsets.person_api - Getting persons by type: Unidentified Body
2025-09-26 10:04:27,796 [DEBUG] Mainapp.viewsets.person_api - Query parameters: {'full_name': [''], 'city': [''], 'state': ['Maharashtra'], 'startDate': ['null'], 'endDate': ['null'], 'caste': [''], 'age_range': [''], 'marital_status': [''], 'blood_group': [''], 'height_range': [''], 'district': [''], 'gender': [''], 'case_id': [''], 'case_status': ['pending'], 'page': ['1'], 'page_size': ['10']}
2025-09-26 10:04:27,815 [DEBUG] Mainapp.viewsets.person_api - Getting permissions for action: unidentified_bodies
2025-09-26 10:04:27,830 [INFO] Mainapp.viewsets.person_api - Allowing public access for action: unidentified_bodies
2025-09-26 10:04:27,832 [INFO] Mainapp.viewsets.person_api - UNIDENTIFIED BODIES list request
2025-09-26 10:04:27,833 [INFO] Mainapp.viewsets.person_api - Getting persons by type: Unidentified Body
2025-09-26 10:04:27,833 [DEBUG] Mainapp.viewsets.person_api - Query parameters: {'full_name': [''], 'city': [''], 'state': ['Maharashtra'], 'startDate': ['null'], 'endDate': ['null'], 'caste': [''], 'age_range': [''], 'marital_status': [''], 'blood_group': [''], 'height_range': [''], 'district': [''], 'gender': [''], 'case_id': [''], 'case_status': ['resolved'], 'page': ['1'], 'page_size': ['10']}
2025-09-26 10:04:27,869 [INFO] Mainapp.viewsets.filters - DISTRICTS request received from client: 127.0.0.1
2025-09-26 10:04:27,871 [DEBUG] Mainapp.viewsets.filters - Request query params: {'state': ['Maharashtra']}
2025-09-26 10:04:27,871 [DEBUG] Mainapp.viewsets.filters - Fetching districts for state: Maharashtra
2025-09-26 10:04:27,930 [DEBUG] Mainapp.viewsets.person_api - Filtered persons count: 0
2025-09-26 10:04:27,940 [INFO] Mainapp.viewsets.person_api - No unidentified body found with given filters
2025-09-26 10:04:27,945 [INFO] django.server - "GET /api/persons/unidentified-bodies/?full_name=&city=&state=Maharashtra&startDate=null&endDate=null&caste=&age_range=&marital_status=&blood_group=&height_range=&district=&gender=&case_id=&case_status=resolved&page=1&page_size=10 HTTP/1.1" 200 40
2025-09-26 10:04:27,950 [DEBUG] Mainapp.viewsets.person_api - Filtered persons count: 1
2025-09-26 10:04:28,015 [DEBUG] Mainapp.viewsets.filters - Found 11 districts from Person model for state: Maharashtra
2025-09-26 10:04:28,070 [DEBUG] Mainapp.viewsets.filters - Found 6 districts from Address model for state: Maharashtra
2025-09-26 10:04:28,090 [DEBUG] Mainapp.viewsets.filters - Normalizing queryset with 11 items
2025-09-26 10:04:28,093 [DEBUG] Mainapp.viewsets.filters - Normalized to 3 unique items
2025-09-26 10:04:28,097 [DEBUG] Mainapp.viewsets.filters - Normalizing queryset with 6 items
2025-09-26 10:04:28,099 [DEBUG] Mainapp.viewsets.filters - Normalized to 3 unique items
2025-09-26 10:04:28,101 [INFO] Mainapp.viewsets.filters - Returning 4 unique districts for state: Maharashtra
2025-09-26 10:04:28,120 [DEBUG] Mainapp.viewsets.filters - Districts data for Maharashtra: ['Amravati', 'Jalna', 'Mumbai', 'Pune']
2025-09-26 10:04:28,123 [INFO] django.server - "GET /api/filters_address/districts/?state=Maharashtra HTTP/1.1" 200 36
2025-09-26 10:04:28,216 [INFO] Mainapp.viewsets.person_api - Returning paginated unidentified body (page size: 1)
2025-09-26 10:04:28,232 [INFO] django.server - "GET /api/persons/unidentified-bodies/?full_name=&city=&state=Maharashtra&startDate=null&endDate=null&caste=&age_range=&marital_status=&blood_group=&height_range=&district=&gender=&case_id=&case_status=pending&page=1&page_size=10 HTTP/1.1" 200 950
2025-09-26 10:04:30,289 [INFO] django.server - "OPTIONS /api/persons/bc6dd356-17c0-424a-afa9-9d816a8e3ac6/ HTTP/1.1" 200 0
2025-09-26 10:04:30,902 [DEBUG] Mainapp.viewsets.person_api - Getting permissions for action: retrieve
2025-09-26 10:04:30,904 [INFO] Mainapp.viewsets.person_api - Allowing public access for action: retrieve
2025-09-26 10:04:30,905 [INFO] Mainapp.viewsets.person_api - RETRIEVE request for person ID: bc6dd356-17c0-424a-afa9-9d816a8e3ac6 from user: admin@gmail.com (admin)
2025-09-26 10:04:31,123 [DEBUG] Mainapp.viewsets.person_api - Found person: None (ID: bc6dd356-17c0-424a-afa9-9d816a8e3ac6)
2025-09-26 10:04:31,125 [INFO] Mainapp.viewsets.person_api - Successfully retrieved person ID: bc6dd356-17c0-424a-afa9-9d816a8e3ac6
2025-09-26 10:04:31,178 [INFO] django.server - "GET /api/persons/bc6dd356-17c0-424a-afa9-9d816a8e3ac6/ HTTP/1.1" 200 4039
2025-09-26 10:08:46,793 [INFO] django.server - "OPTIONS /api/users/ HTTP/1.1" 200 0
2025-09-26 10:08:46,915 [WARNING] django.request - Bad Request: /api/users/
2025-09-26 10:08:46,917 [WARNING] django.server - "POST /api/users/ HTTP/1.1" 400 62
2025-09-26 10:08:52,941 [INFO] Mainapp.viewsets.filters - DISTRICTS request received from client: 127.0.0.1
2025-09-26 10:08:52,941 [DEBUG] Mainapp.viewsets.filters - Request query params: {'state': ['Maharashtra']}
2025-09-26 10:08:52,947 [DEBUG] Mainapp.viewsets.filters - Fetching districts for state: Maharashtra
2025-09-26 10:08:53,122 [DEBUG] Mainapp.viewsets.filters - Found 11 districts from Person model for state: Maharashtra
2025-09-26 10:08:53,150 [DEBUG] Mainapp.viewsets.filters - Found 6 districts from Address model for state: Maharashtra
2025-09-26 10:08:53,157 [DEBUG] Mainapp.viewsets.filters - Normalizing queryset with 11 items
2025-09-26 10:08:53,163 [DEBUG] Mainapp.viewsets.filters - Normalized to 3 unique items
2025-09-26 10:08:53,166 [DEBUG] Mainapp.viewsets.filters - Normalizing queryset with 6 items
2025-09-26 10:08:53,168 [DEBUG] Mainapp.viewsets.filters - Normalized to 3 unique items
2025-09-26 10:08:53,170 [INFO] Mainapp.viewsets.filters - Returning 4 unique districts for state: Maharashtra
2025-09-26 10:08:53,171 [DEBUG] Mainapp.viewsets.filters - Districts data for Maharashtra: ['Amravati', 'Jalna', 'Mumbai', 'Pune']
2025-09-26 10:08:53,174 [INFO] django.server - "GET /api/filters_address/districts/?state=Maharashtra HTTP/1.1" 200 36
2025-09-26 10:08:53,431 [INFO] Mainapp.viewsets.filters - DISTRICTS request received from client: 127.0.0.1
2025-09-26 10:08:53,445 [DEBUG] Mainapp.viewsets.filters - Request query params: {'state': ['Maharashtra']}
2025-09-26 10:08:53,494 [DEBUG] Mainapp.viewsets.filters - Fetching districts for state: Maharashtra
2025-09-26 10:08:53,839 [DEBUG] Mainapp.viewsets.filters - Found 11 districts from Person model for state: Maharashtra
2025-09-26 10:08:53,877 [DEBUG] Mainapp.viewsets.filters - Found 6 districts from Address model for state: Maharashtra
2025-09-26 10:08:53,893 [DEBUG] Mainapp.viewsets.filters - Normalizing queryset with 11 items
2025-09-26 10:08:53,901 [DEBUG] Mainapp.viewsets.filters - Normalized to 3 unique items
2025-09-26 10:08:53,904 [DEBUG] Mainapp.viewsets.filters - Normalizing queryset with 6 items
2025-09-26 10:08:53,906 [DEBUG] Mainapp.viewsets.filters - Normalized to 3 unique items
2025-09-26 10:08:53,920 [INFO] Mainapp.viewsets.filters - Returning 4 unique districts for state: Maharashtra
2025-09-26 10:08:53,921 [DEBUG] Mainapp.viewsets.filters - Districts data for Maharashtra: ['Amravati', 'Jalna', 'Mumbai', 'Pune']
2025-09-26 10:08:53,924 [INFO] django.server - "GET /api/filters_address/districts/?state=Maharashtra HTTP/1.1" 200 36
2025-09-26 10:08:56,638 [INFO] Mainapp.viewsets.filters - DISTRICTS request received from client: 127.0.0.1
2025-09-26 10:08:56,639 [DEBUG] Mainapp.viewsets.filters - Request query params: {'state': ['Maharashtra']}
2025-09-26 10:08:56,640 [DEBUG] Mainapp.viewsets.filters - Fetching districts for state: Maharashtra
2025-09-26 10:08:57,088 [DEBUG] Mainapp.viewsets.filters - Found 11 districts from Person model for state: Maharashtra
2025-09-26 10:08:57,119 [DEBUG] Mainapp.viewsets.filters - Found 6 districts from Address model for state: Maharashtra
2025-09-26 10:08:57,126 [DEBUG] Mainapp.viewsets.filters - Normalizing queryset with 11 items
2025-09-26 10:08:57,129 [DEBUG] Mainapp.viewsets.filters - Normalized to 3 unique items
2025-09-26 10:08:57,137 [DEBUG] Mainapp.viewsets.filters - Normalizing queryset with 6 items
2025-09-26 10:08:57,138 [DEBUG] Mainapp.viewsets.filters - Normalized to 3 unique items
2025-09-26 10:08:57,140 [INFO] Mainapp.viewsets.filters - Returning 4 unique districts for state: Maharashtra
2025-09-26 10:08:57,143 [DEBUG] Mainapp.viewsets.filters - Districts data for Maharashtra: ['Amravati', 'Jalna', 'Mumbai', 'Pune']
2025-09-26 10:08:57,145 [INFO] django.server - "GET /api/filters_address/districts/?state=Maharashtra HTTP/1.1" 200 36
2025-09-26 10:09:09,055 [DEBUG] Mainapp.viewsets.person_api - Getting permissions for action: retrieve
2025-09-26 10:09:09,057 [INFO] Mainapp.viewsets.person_api - Allowing public access for action: retrieve
2025-09-26 10:09:09,060 [INFO] Mainapp.viewsets.person_api - RETRIEVE request for person ID: bc6dd356-17c0-424a-afa9-9d816a8e3ac6 from user: AnonymousUser
2025-09-26 10:09:09,343 [DEBUG] Mainapp.viewsets.person_api - Found person: None (ID: bc6dd356-17c0-424a-afa9-9d816a8e3ac6)
2025-09-26 10:09:09,344 [INFO] Mainapp.viewsets.person_api - Successfully retrieved person ID: bc6dd356-17c0-424a-afa9-9d816a8e3ac6
2025-09-26 10:09:09,382 [INFO] django.server - "GET /api/persons/bc6dd356-17c0-424a-afa9-9d816a8e3ac6/ HTTP/1.1" 200 4039
2025-09-26 10:09:47,143 [INFO] Mainapp.viewsets.filters - DISTRICTS request received from client: 127.0.0.1
2025-09-26 10:09:47,144 [DEBUG] Mainapp.viewsets.filters - Request query params: {'state': ['Maharashtra']}
2025-09-26 10:09:47,144 [DEBUG] Mainapp.viewsets.filters - Fetching districts for state: Maharashtra
2025-09-26 10:09:47,292 [DEBUG] Mainapp.viewsets.filters - Found 11 districts from Person model for state: Maharashtra
2025-09-26 10:09:47,318 [DEBUG] Mainapp.viewsets.filters - Found 6 districts from Address model for state: Maharashtra
2025-09-26 10:09:47,320 [DEBUG] Mainapp.viewsets.filters - Normalizing queryset with 11 items
2025-09-26 10:09:47,320 [DEBUG] Mainapp.viewsets.filters - Normalized to 3 unique items
2025-09-26 10:09:47,322 [DEBUG] Mainapp.viewsets.filters - Normalizing queryset with 6 items
2025-09-26 10:09:47,323 [DEBUG] Mainapp.viewsets.filters - Normalized to 3 unique items
2025-09-26 10:09:47,323 [INFO] Mainapp.viewsets.filters - Returning 4 unique districts for state: Maharashtra
2025-09-26 10:09:47,323 [DEBUG] Mainapp.viewsets.filters - Districts data for Maharashtra: ['Amravati', 'Jalna', 'Mumbai', 'Pune']
2025-09-26 10:09:47,331 [INFO] django.server - "GET /api/filters_address/districts/?state=Maharashtra HTTP/1.1" 200 36
2025-09-26 10:09:48,707 [DEBUG] Mainapp.viewsets.person_api - Getting permissions for action: retrieve
2025-09-26 10:09:48,714 [INFO] Mainapp.viewsets.person_api - Allowing public access for action: retrieve
2025-09-26 10:09:48,715 [INFO] Mainapp.viewsets.person_api - RETRIEVE request for person ID: bc6dd356-17c0-424a-afa9-9d816a8e3ac6 from user: AnonymousUser
2025-09-26 10:09:49,023 [DEBUG] Mainapp.viewsets.person_api - Found person: None (ID: bc6dd356-17c0-424a-afa9-9d816a8e3ac6)
2025-09-26 10:09:49,028 [INFO] Mainapp.viewsets.person_api - Successfully retrieved person ID: bc6dd356-17c0-424a-afa9-9d816a8e3ac6
2025-09-26 10:09:49,091 [INFO] django.server - "GET /api/persons/bc6dd356-17c0-424a-afa9-9d816a8e3ac6/ HTTP/1.1" 200 4039
2025-09-26 10:09:57,380 [INFO] Mainapp.viewsets.filters - DISTRICTS request received from client: 127.0.0.1
2025-09-26 10:09:57,383 [DEBUG] Mainapp.viewsets.filters - Request query params: {'state': ['Maharashtra']}
2025-09-26 10:09:57,384 [DEBUG] Mainapp.viewsets.filters - Fetching districts for state: Maharashtra
2025-09-26 10:09:57,697 [DEBUG] Mainapp.viewsets.filters - Found 11 districts from Person model for state: Maharashtra
2025-09-26 10:09:57,761 [DEBUG] Mainapp.viewsets.filters - Found 6 districts from Address model for state: Maharashtra
2025-09-26 10:09:57,764 [DEBUG] Mainapp.viewsets.filters - Normalizing queryset with 11 items
2025-09-26 10:09:57,764 [DEBUG] Mainapp.viewsets.filters - Normalized to 3 unique items
2025-09-26 10:09:57,766 [DEBUG] Mainapp.viewsets.filters - Normalizing queryset with 6 items
2025-09-26 10:09:57,767 [DEBUG] Mainapp.viewsets.filters - Normalized to 3 unique items
2025-09-26 10:09:57,767 [INFO] Mainapp.viewsets.filters - Returning 4 unique districts for state: Maharashtra
2025-09-26 10:09:57,769 [DEBUG] Mainapp.viewsets.filters - Districts data for Maharashtra: ['Amravati', 'Jalna', 'Mumbai', 'Pune']
2025-09-26 10:09:57,771 [INFO] django.server - "GET /api/filters_address/districts/?state=Maharashtra HTTP/1.1" 200 36
2025-09-26 10:09:57,776 [INFO] Mainapp.viewsets.filters - DISTRICTS request received from client: 127.0.0.1
2025-09-26 10:09:57,781 [DEBUG] Mainapp.viewsets.filters - Request query params: {'state': ['Maharashtra']}
2025-09-26 10:09:57,783 [DEBUG] Mainapp.viewsets.filters - Fetching districts for state: Maharashtra
2025-09-26 10:09:57,932 [DEBUG] Mainapp.viewsets.filters - Found 11 districts from Person model for state: Maharashtra
2025-09-26 10:09:57,959 [DEBUG] Mainapp.viewsets.filters - Found 6 districts from Address model for state: Maharashtra
2025-09-26 10:09:57,964 [DEBUG] Mainapp.viewsets.filters - Normalizing queryset with 11 items
2025-09-26 10:09:57,970 [DEBUG] Mainapp.viewsets.filters - Normalized to 3 unique items
2025-09-26 10:09:57,972 [DEBUG] Mainapp.viewsets.filters - Normalizing queryset with 6 items
2025-09-26 10:09:57,973 [DEBUG] Mainapp.viewsets.filters - Normalized to 3 unique items
2025-09-26 10:09:57,987 [INFO] Mainapp.viewsets.filters - Returning 4 unique districts for state: Maharashtra
2025-09-26 10:09:57,992 [DEBUG] Mainapp.viewsets.filters - Districts data for Maharashtra: ['Amravati', 'Jalna', 'Mumbai', 'Pune']
2025-09-26 10:09:58,007 [INFO] django.server - "GET /api/filters_address/districts/?state=Maharashtra HTTP/1.1" 200 36
2025-09-26 10:10:12,271 [INFO] Mainapp.authentication.user_authentication - Login attempt for email: admin@gmail.com
2025-09-26 10:10:12,273 [INFO] Mainapp.authentication.user_authentication - Login attempt for password: admin@123
2025-09-26 10:10:12,443 [DEBUG] Mainapp.authentication.user_authentication - User found: 832326d2-40ae-4c74-8f23-bd70d3458a9b, Status: active
2025-09-26 10:10:13,642 [INFO] Mainapp.authentication.user_authentication - Login successful for user: 832326d2-40ae-4c74-8f23-bd70d3458a9b
2025-09-26 10:10:13,642 [DEBUG] Mainapp.authentication.user_authentication - Generated tokens for user: 832326d2-40ae-4c74-8f23-bd70d3458a9b
2025-09-26 10:10:13,651 [DEBUG] Mainapp.authentication.auth_serializer - Getting profile image for user ID: 832326d2-40ae-4c74-8f23-bd70d3458a9b
2025-09-26 10:10:13,653 [DEBUG] Mainapp.authentication.auth_serializer - Using default avatar for user 832326d2-40ae-4c74-8f23-bd70d3458a9b
2025-09-26 10:10:13,657 [INFO] django.server - "POST /api/users/ HTTP/1.1" 200 1136
2025-09-26 10:10:13,984 [INFO] Mainapp.viewsets.filters - DISTRICTS request received from client: 127.0.0.1
2025-09-26 10:10:13,985 [DEBUG] Mainapp.viewsets.filters - Request query params: {'state': ['Maharashtra']}
2025-09-26 10:10:13,986 [DEBUG] Mainapp.viewsets.filters - Fetching districts for state: Maharashtra
2025-09-26 10:10:14,052 [DEBUG] Mainapp.viewsets.filters - Found 11 districts from Person model for state: Maharashtra
2025-09-26 10:10:14,101 [DEBUG] Mainapp.viewsets.filters - Found 6 districts from Address model for state: Maharashtra
2025-09-26 10:10:14,107 [DEBUG] Mainapp.viewsets.filters - Normalizing queryset with 11 items
2025-09-26 10:10:14,116 [DEBUG] Mainapp.viewsets.filters - Normalized to 3 unique items
2025-09-26 10:10:14,119 [DEBUG] Mainapp.viewsets.filters - Normalizing queryset with 6 items
2025-09-26 10:10:14,120 [DEBUG] Mainapp.viewsets.filters - Normalized to 3 unique items
2025-09-26 10:10:14,137 [INFO] Mainapp.viewsets.filters - Returning 4 unique districts for state: Maharashtra
2025-09-26 10:10:14,216 [DEBUG] Mainapp.viewsets.filters - Districts data for Maharashtra: ['Amravati', 'Jalna', 'Mumbai', 'Pune']
2025-09-26 10:10:14,308 [INFO] django.server - "GET /api/filters_address/districts/?state=Maharashtra HTTP/1.1" 200 36
2025-09-26 10:10:14,564 [WARNING] django.server - "GET //static/images/default-avatar.png HTTP/1.1" 404 2002
2025-09-26 10:10:14,683 [INFO] Mainapp.viewsets.filters - DISTRICTS request received from client: 127.0.0.1
2025-09-26 10:10:14,686 [DEBUG] Mainapp.viewsets.filters - Request query params: {'state': ['Maharashtra']}
2025-09-26 10:10:14,686 [DEBUG] Mainapp.viewsets.filters - Fetching districts for state: Maharashtra
2025-09-26 10:10:14,769 [DEBUG] Mainapp.viewsets.filters - Found 11 districts from Person model for state: Maharashtra
2025-09-26 10:10:14,870 [DEBUG] Mainapp.viewsets.filters - Found 6 districts from Address model for state: Maharashtra
2025-09-26 10:10:14,872 [DEBUG] Mainapp.viewsets.filters - Normalizing queryset with 11 items
2025-09-26 10:10:14,873 [DEBUG] Mainapp.viewsets.filters - Normalized to 3 unique items
2025-09-26 10:10:14,876 [DEBUG] Mainapp.viewsets.filters - Normalizing queryset with 6 items
2025-09-26 10:10:14,877 [DEBUG] Mainapp.viewsets.filters - Normalized to 3 unique items
2025-09-26 10:10:14,878 [INFO] Mainapp.viewsets.filters - Returning 4 unique districts for state: Maharashtra
2025-09-26 10:10:14,878 [DEBUG] Mainapp.viewsets.filters - Districts data for Maharashtra: ['Amravati', 'Jalna', 'Mumbai', 'Pune']
2025-09-26 10:10:14,882 [INFO] django.server - "GET /api/filters_address/districts/?state=Maharashtra HTTP/1.1" 200 36
2025-09-26 10:12:01,356 [INFO] Mainapp.viewsets.filters - DISTRICTS request received from client: 127.0.0.1
2025-09-26 10:12:01,357 [DEBUG] Mainapp.viewsets.filters - Request query params: {'state': ['Maharashtra']}
2025-09-26 10:12:01,357 [DEBUG] Mainapp.viewsets.filters - Fetching districts for state: Maharashtra
2025-09-26 10:12:01,431 [DEBUG] Mainapp.viewsets.filters - Found 11 districts from Person model for state: Maharashtra
2025-09-26 10:12:01,454 [DEBUG] Mainapp.viewsets.filters - Found 6 districts from Address model for state: Maharashtra
2025-09-26 10:12:01,456 [DEBUG] Mainapp.viewsets.filters - Normalizing queryset with 11 items
2025-09-26 10:12:01,456 [DEBUG] Mainapp.viewsets.filters - Normalized to 3 unique items
2025-09-26 10:12:01,463 [DEBUG] Mainapp.viewsets.filters - Normalizing queryset with 6 items
2025-09-26 10:12:01,465 [DEBUG] Mainapp.viewsets.filters - Normalized to 3 unique items
2025-09-26 10:12:01,466 [INFO] Mainapp.viewsets.filters - Returning 4 unique districts for state: Maharashtra
2025-09-26 10:12:01,468 [DEBUG] Mainapp.viewsets.filters - Districts data for Maharashtra: ['Amravati', 'Jalna', 'Mumbai', 'Pune']
2025-09-26 10:12:01,470 [INFO] django.server - "GET /api/filters_address/districts/?state=Maharashtra HTTP/1.1" 200 36
2025-09-26 10:12:02,478 [DEBUG] Mainapp.viewsets.person_api - Getting permissions for action: retrieve
2025-09-26 10:12:02,480 [INFO] Mainapp.viewsets.person_api - Allowing public access for action: retrieve
2025-09-26 10:12:02,481 [INFO] Mainapp.viewsets.person_api - RETRIEVE request for person ID: bc6dd356-17c0-424a-afa9-9d816a8e3ac6 from user: admin@gmail.com (admin)
2025-09-26 10:12:02,650 [DEBUG] Mainapp.viewsets.person_api - Found person: None (ID: bc6dd356-17c0-424a-afa9-9d816a8e3ac6)
2025-09-26 10:12:02,651 [INFO] Mainapp.viewsets.person_api - Successfully retrieved person ID: bc6dd356-17c0-424a-afa9-9d816a8e3ac6
2025-09-26 10:12:02,688 [INFO] django.server - "GET /api/persons/bc6dd356-17c0-424a-afa9-9d816a8e3ac6/ HTTP/1.1" 200 4039
2025-09-26 10:12:05,773 [WARNING] django.request - Bad Request: /api/users/
2025-09-26 10:12:05,775 [WARNING] django.server - "POST /api/users/ HTTP/1.1" 400 62
2025-09-26 10:12:12,677 [INFO] Mainapp.authentication.user_authentication - Login attempt for email: admin@gmail.com
2025-09-26 10:12:12,682 [INFO] Mainapp.authentication.user_authentication - Login attempt for password: admin@123
2025-09-26 10:12:12,834 [DEBUG] Mainapp.authentication.user_authentication - User found: 832326d2-40ae-4c74-8f23-bd70d3458a9b, Status: active
2025-09-26 10:12:14,847 [INFO] Mainapp.authentication.user_authentication - Login successful for user: 832326d2-40ae-4c74-8f23-bd70d3458a9b
2025-09-26 10:12:14,848 [DEBUG] Mainapp.authentication.user_authentication - Generated tokens for user: 832326d2-40ae-4c74-8f23-bd70d3458a9b
2025-09-26 10:12:14,851 [DEBUG] Mainapp.authentication.auth_serializer - Getting profile image for user ID: 832326d2-40ae-4c74-8f23-bd70d3458a9b
2025-09-26 10:12:14,852 [DEBUG] Mainapp.authentication.auth_serializer - Using default avatar for user 832326d2-40ae-4c74-8f23-bd70d3458a9b
2025-09-26 10:12:14,856 [INFO] django.server - "POST /api/users/ HTTP/1.1" 200 1136
2025-09-26 10:12:15,132 [INFO] Mainapp.viewsets.filters - DISTRICTS request received from client: 127.0.0.1
2025-09-26 10:12:15,135 [DEBUG] Mainapp.viewsets.filters - Request query params: {'state': ['Maharashtra']}
2025-09-26 10:12:15,136 [DEBUG] Mainapp.viewsets.filters - Fetching districts for state: Maharashtra
2025-09-26 10:12:15,194 [DEBUG] Mainapp.viewsets.filters - Found 11 districts from Person model for state: Maharashtra
2025-09-26 10:12:15,247 [DEBUG] Mainapp.viewsets.filters - Found 6 districts from Address model for state: Maharashtra
2025-09-26 10:12:15,249 [DEBUG] Mainapp.viewsets.filters - Normalizing queryset with 11 items
2025-09-26 10:12:15,250 [DEBUG] Mainapp.viewsets.filters - Normalized to 3 unique items
2025-09-26 10:12:15,252 [DEBUG] Mainapp.viewsets.filters - Normalizing queryset with 6 items
2025-09-26 10:12:15,253 [DEBUG] Mainapp.viewsets.filters - Normalized to 3 unique items
2025-09-26 10:12:15,254 [INFO] Mainapp.viewsets.filters - Returning 4 unique districts for state: Maharashtra
2025-09-26 10:12:15,255 [DEBUG] Mainapp.viewsets.filters - Districts data for Maharashtra: ['Amravati', 'Jalna', 'Mumbai', 'Pune']
2025-09-26 10:12:15,257 [INFO] django.server - "GET /api/filters_address/districts/?state=Maharashtra HTTP/1.1" 200 36
2025-09-26 10:12:15,635 [INFO] Mainapp.viewsets.filters - DISTRICTS request received from client: 127.0.0.1
2025-09-26 10:12:15,637 [DEBUG] Mainapp.viewsets.filters - Request query params: {'state': ['Maharashtra']}
2025-09-26 10:12:15,638 [DEBUG] Mainapp.viewsets.filters - Fetching districts for state: Maharashtra
2025-09-26 10:12:15,694 [WARNING] django.server - "GET //static/images/default-avatar.png HTTP/1.1" 404 2002
2025-09-26 10:12:15,730 [DEBUG] Mainapp.viewsets.filters - Found 11 districts from Person model for state: Maharashtra
2025-09-26 10:12:15,770 [DEBUG] Mainapp.viewsets.filters - Found 6 districts from Address model for state: Maharashtra
2025-09-26 10:12:15,774 [DEBUG] Mainapp.viewsets.filters - Normalizing queryset with 11 items
2025-09-26 10:12:15,775 [DEBUG] Mainapp.viewsets.filters - Normalized to 3 unique items
2025-09-26 10:12:15,777 [DEBUG] Mainapp.viewsets.filters - Normalizing queryset with 6 items
2025-09-26 10:12:15,778 [DEBUG] Mainapp.viewsets.filters - Normalized to 3 unique items
2025-09-26 10:12:15,780 [INFO] Mainapp.viewsets.filters - Returning 4 unique districts for state: Maharashtra
2025-09-26 10:12:15,782 [DEBUG] Mainapp.viewsets.filters - Districts data for Maharashtra: ['Amravati', 'Jalna', 'Mumbai', 'Pune']
2025-09-26 10:12:15,795 [INFO] django.server - "GET /api/filters_address/districts/?state=Maharashtra HTTP/1.1" 200 36
2025-09-26 10:12:22,637 [WARNING] django.request - Bad Request: /api/users/
2025-09-26 10:12:22,639 [WARNING] django.server - "POST /api/users/ HTTP/1.1" 400 62
2025-09-26 10:12:29,286 [INFO] Mainapp.viewsets.filters - DISTRICTS request received from client: 127.0.0.1
2025-09-26 10:12:29,310 [DEBUG] Mainapp.viewsets.filters - Request query params: {'state': ['Maharashtra']}
2025-09-26 10:12:29,326 [DEBUG] Mainapp.viewsets.filters - Fetching districts for state: Maharashtra
2025-09-26 10:12:29,667 [DEBUG] Mainapp.viewsets.filters - Found 11 districts from Person model for state: Maharashtra
2025-09-26 10:12:29,699 [DEBUG] Mainapp.viewsets.filters - Found 6 districts from Address model for state: Maharashtra
2025-09-26 10:12:29,702 [DEBUG] Mainapp.viewsets.filters - Normalizing queryset with 11 items
2025-09-26 10:12:29,704 [DEBUG] Mainapp.viewsets.filters - Normalized to 3 unique items
2025-09-26 10:12:29,704 [DEBUG] Mainapp.viewsets.filters - Normalizing queryset with 6 items
2025-09-26 10:12:29,713 [DEBUG] Mainapp.viewsets.filters - Normalized to 3 unique items
2025-09-26 10:12:29,715 [INFO] Mainapp.viewsets.filters - Returning 4 unique districts for state: Maharashtra
2025-09-26 10:12:29,718 [DEBUG] Mainapp.viewsets.filters - Districts data for Maharashtra: ['Amravati', 'Jalna', 'Mumbai', 'Pune']
2025-09-26 10:12:29,722 [INFO] django.server - "GET /api/filters_address/districts/?state=Maharashtra HTTP/1.1" 200 36
2025-09-26 10:12:29,748 [INFO] Mainapp.viewsets.filters - DISTRICTS request received from client: 127.0.0.1
2025-09-26 10:12:29,752 [DEBUG] Mainapp.viewsets.filters - Request query params: {'state': ['Maharashtra']}
2025-09-26 10:12:29,755 [DEBUG] Mainapp.viewsets.filters - Fetching districts for state: Maharashtra
2025-09-26 10:12:29,923 [DEBUG] Mainapp.viewsets.filters - Found 11 districts from Person model for state: Maharashtra
2025-09-26 10:12:29,955 [DEBUG] Mainapp.viewsets.filters - Found 6 districts from Address model for state: Maharashtra
2025-09-26 10:12:29,970 [DEBUG] Mainapp.viewsets.filters - Normalizing queryset with 11 items
2025-09-26 10:12:29,975 [DEBUG] Mainapp.viewsets.filters - Normalized to 3 unique items
2025-09-26 10:12:29,979 [DEBUG] Mainapp.viewsets.filters - Normalizing queryset with 6 items
2025-09-26 10:12:29,980 [DEBUG] Mainapp.viewsets.filters - Normalized to 3 unique items
2025-09-26 10:12:29,985 [INFO] Mainapp.viewsets.filters - Returning 4 unique districts for state: Maharashtra
2025-09-26 10:12:29,986 [DEBUG] Mainapp.viewsets.filters - Districts data for Maharashtra: ['Amravati', 'Jalna', 'Mumbai', 'Pune']
2025-09-26 10:12:29,990 [INFO] django.server - "GET /api/filters_address/districts/?state=Maharashtra HTTP/1.1" 200 36
2025-09-26 10:12:32,525 [INFO] Mainapp.viewsets.filters - DISTRICTS request received from client: 127.0.0.1
2025-09-26 10:12:32,533 [DEBUG] Mainapp.viewsets.filters - Request query params: {'state': ['Maharashtra']}
2025-09-26 10:12:32,538 [DEBUG] Mainapp.viewsets.filters - Fetching districts for state: Maharashtra
2025-09-26 10:12:32,788 [DEBUG] Mainapp.viewsets.filters - Found 11 districts from Person model for state: Maharashtra
2025-09-26 10:12:32,822 [DEBUG] Mainapp.viewsets.filters - Found 6 districts from Address model for state: Maharashtra
2025-09-26 10:12:32,829 [DEBUG] Mainapp.viewsets.filters - Normalizing queryset with 11 items
2025-09-26 10:12:32,841 [DEBUG] Mainapp.viewsets.filters - Normalized to 3 unique items
2025-09-26 10:12:32,846 [DEBUG] Mainapp.viewsets.filters - Normalizing queryset with 6 items
2025-09-26 10:12:32,852 [DEBUG] Mainapp.viewsets.filters - Normalized to 3 unique items
2025-09-26 10:12:32,863 [INFO] Mainapp.viewsets.filters - Returning 4 unique districts for state: Maharashtra
2025-09-26 10:12:32,869 [DEBUG] Mainapp.viewsets.filters - Districts data for Maharashtra: ['Amravati', 'Jalna', 'Mumbai', 'Pune']
2025-09-26 10:12:32,891 [INFO] django.server - "GET /api/filters_address/districts/?state=Maharashtra HTTP/1.1" 200 36
2025-09-26 10:12:34,623 [DEBUG] Mainapp.viewsets.person_api - Getting permissions for action: retrieve
2025-09-26 10:12:34,626 [INFO] Mainapp.viewsets.person_api - Allowing public access for action: retrieve
2025-09-26 10:12:34,628 [INFO] Mainapp.viewsets.person_api - RETRIEVE request for person ID: bc6dd356-17c0-424a-afa9-9d816a8e3ac6 from user: AnonymousUser
2025-09-26 10:12:34,867 [DEBUG] Mainapp.viewsets.person_api - Found person: None (ID: bc6dd356-17c0-424a-afa9-9d816a8e3ac6)
2025-09-26 10:12:34,868 [INFO] Mainapp.viewsets.person_api - Successfully retrieved person ID: bc6dd356-17c0-424a-afa9-9d816a8e3ac6
2025-09-26 10:12:34,915 [INFO] django.server - "GET /api/persons/bc6dd356-17c0-424a-afa9-9d816a8e3ac6/ HTTP/1.1" 200 4039
2025-09-26 15:17:48,083 [INFO] django.utils.autoreload - Watching for file changes with StatReloader
2025-09-26 15:18:58,598 [INFO] django.utils.autoreload - C:\Users\sanke\Desktop\coderize\TraceMapr\Chhaya_new_backend\New_Backend\settings.py changed, reloading.
2025-09-26 15:19:00,836 [INFO] django.utils.autoreload - Watching for file changes with StatReloader
2025-09-26 15:19:59,205 [INFO] django.utils.autoreload - Watching for file changes with StatReloader
2025-09-26 15:20:34,446 [INFO] django.utils.autoreload - C:\Users\sanke\Desktop\coderize\TraceMapr\Chhaya_new_backend\Mainapp\matching_apis\match_missing_with_unidentified_body.py changed, reloading.
2025-09-26 15:20:36,655 [INFO] django.utils.autoreload - Watching for file changes with StatReloader
2025-09-26 15:21:15,945 [INFO] django.utils.autoreload - C:\Users\sanke\Desktop\coderize\TraceMapr\Chhaya_new_backend\Mainapp\viewsets\person_api.py changed, reloading.
2025-09-26 15:21:20,825 [INFO] django.utils.autoreload - Watching for file changes with StatReloader
2025-09-26 15:21:49,671 [INFO] django.utils.autoreload - C:\Users\sanke\Desktop\coderize\TraceMapr\Chhaya_new_backend\Mainapp\viewsets\person_api.py changed, reloading.
2025-09-26 15:21:53,041 [INFO] django.utils.autoreload - Watching for file changes with StatReloader
2025-09-26 15:22:16,307 [WARNING] django.request - Not Found: /
2025-09-26 15:22:16,309 [WARNING] django.server - "GET / HTTP/1.1" 404 10829
2025-09-26 15:22:20,316 [WARNING] django.request - Not Found: /favicon.ico
2025-09-26 15:22:20,318 [WARNING] django.server - "GET /favicon.ico HTTP/1.1" 404 10880
2025-09-26 15:22:21,660 [INFO] django.server - "GET /admin/ HTTP/1.1" 200 22007
2025-09-26 15:22:22,579 [INFO] django.server - "GET /static/admin/css/dark_mode.css HTTP/1.1" 200 2804
2025-09-26 15:22:22,581 [INFO] django.server - "GET /static/admin/css/base.css HTTP/1.1" 200 22092
2025-09-26 15:22:22,698 [INFO] django.server - "GET /static/admin/css/responsive.css HTTP/1.1" 200 17972
2025-09-26 15:22:22,762 [INFO] django.server - "GET /static/admin/js/theme.js HTTP/1.1" 200 1653
2025-09-26 15:22:22,774 [INFO] django.server - "GET /static/admin/css/dashboard.css HTTP/1.1" 200 441
2025-09-26 15:22:22,784 [INFO] django.server - "GET /static/admin/css/nav_sidebar.css HTTP/1.1" 200 2810
2025-09-26 15:22:22,826 [INFO] django.server - "GET /static/admin/js/nav_sidebar.js HTTP/1.1" 200 3063
2025-09-26 15:22:22,840 [INFO] django.server - "GET /static/admin/img/icon-changelink.svg HTTP/1.1" 200 380
2025-09-26 15:22:22,843 [INFO] django.server - "GET /static/admin/img/icon-addlink.svg HTTP/1.1" 200 331
2025-09-26 15:22:22,846 [INFO] django.server - "GET /static/admin/img/icon-deletelink.svg HTTP/1.1" 200 392
2025-09-26 15:22:30,075 [INFO] django.server - "GET /admin/Mainapp/user/ HTTP/1.1" 200 21371
2025-09-26 15:22:30,205 [INFO] django.server - "GET /static/admin/css/changelists.css HTTP/1.1" 200 6878
2025-09-26 15:22:30,232 [INFO] django.server - "GET /static/admin/js/jquery.init.js HTTP/1.1" 200 347
2025-09-26 15:22:30,267 [INFO] django.server - "GET /static/admin/js/urlify.js HTTP/1.1" 200 7887
2025-09-26 15:22:30,272 [INFO] django.server - "GET /static/admin/js/actions.js HTTP/1.1" 200 8076
2025-09-26 15:22:30,279 [INFO] django.server - "GET /static/admin/js/core.js HTTP/1.1" 200 6208
2025-09-26 15:22:30,279 [INFO] django.server - "GET /static/admin/js/admin/RelatedObjectLookups.js HTTP/1.1" 200 9097
2025-09-26 15:22:30,287 [INFO] django.server - "GET /static/admin/js/prepopulate.js HTTP/1.1" 200 1531
2025-09-26 15:22:30,394 [INFO] django.server - "GET /static/admin/js/vendor/jquery/jquery.js HTTP/1.1" 200 285314
2025-09-26 15:22:30,419 [INFO] django.server - "GET /static/admin/img/search.svg HTTP/1.1" 200 458
2025-09-26 15:22:30,420 [INFO] django.server - "GET /static/admin/img/icon-yes.svg HTTP/1.1" 200 436
2025-09-26 15:22:30,448 [INFO] django.server - "GET /static/admin/img/icon-no.svg HTTP/1.1" 200 560
2025-09-26 15:22:30,458 [INFO] django.server - "GET /admin/jsi18n/ HTTP/1.1" 200 3342
2025-09-26 15:22:30,518 [INFO] django.server - "GET /static/admin/js/filters.js HTTP/1.1" 200 978
2025-09-26 15:22:30,535 [INFO] django.server - "GET /static/admin/js/vendor/xregexp/xregexp.js HTTP/1.1" 200 325171
2025-09-26 15:22:30,900 [INFO] django.server - "GET /static/admin/img/tooltag-add.svg HTTP/1.1" 200 331
2025-09-26 15:22:30,905 [INFO] django.server - "GET /static/admin/img/icon-viewlink.svg HTTP/1.1" 200 581
2025-09-26 15:24:53,017 [INFO] django.utils.autoreload - C:\Users\sanke\Desktop\coderize\TraceMapr\Chhaya_new_backend\Mainapp\authentication\user_authentication.py changed, reloading.
2025-09-26 15:24:56,128 [INFO] django.utils.autoreload - Watching for file changes with StatReloader
2025-09-26 15:52:24,684 [INFO] django.utils.autoreload - Watching for file changes with StatReloader
2025-09-26 15:52:37,860 [INFO] django.utils.autoreload - C:\Users\sanke\Desktop\coderize\TraceMapr\Chhaya_new_backend\New_Backend\settings.py changed, reloading.
2025-09-26 15:52:40,500 [INFO] django.utils.autoreload - Watching for file changes with StatReloader
2025-09-26 15:53:04,280 [INFO] django.utils.autoreload - C:\Users\sanke\Desktop\coderize\TraceMapr\Chhaya_new_backend\New_Backend\settings.py changed, reloading.
2025-09-26 15:53:06,405 [INFO] django.utils.autoreload - Watching for file changes with StatReloader
2025-09-26 16:27:27,075 [INFO] django.utils.autoreload - C:\Users\sanke\Desktop\coderize\TraceMapr\Chhaya_new_backend\New_Backend\settings.py changed, reloading.
2025-09-26 16:27:30,306 [INFO] django.utils.autoreload - Watching for file changes with StatReloader
2025-09-26 16:28:07,539 [INFO] django.utils.autoreload - C:\Users\sanke\Desktop\coderize\TraceMapr\Chhaya_new_backend\New_Backend\settings.py changed, reloading.
2025-09-26 16:28:10,423 [INFO] django.utils.autoreload - Watching for file changes with StatReloader
2025-09-26 16:29:47,772 [WARNING] django.request - Unauthorized: /api/users/approved/
2025-09-26 16:29:47,774 [WARNING] django.server - "POST /api/users/approved/?page=1 HTTP/1.1" 401 58
2025-09-26 16:30:08,114 [INFO] django.server - "GET /admin/ HTTP/1.1" 200 22007
2025-09-26 16:30:21,729 [INFO] django.server - "GET /admin/auth/group/ HTTP/1.1" 200 16299
2025-09-26 16:30:21,940 [INFO] django.server - "GET /admin/jsi18n/ HTTP/1.1" 200 3342
2025-09-26 16:30:24,750 [INFO] django.server - "GET /admin/ HTTP/1.1" 200 22007
2025-09-26 16:30:27,991 [INFO] django.server - "GET /admin/Mainapp/user/ HTTP/1.1" 200 21371
2025-09-26 16:30:28,166 [INFO] django.server - "GET /admin/jsi18n/ HTTP/1.1" 200 3342
2025-09-26 16:30:31,776 [INFO] django.server - "GET /admin/Mainapp/user/8c8b6a47-ff0f-450c-8d12-7bfd7d9a67ab/change/ HTTP/1.1" 200 95547
2025-09-26 16:30:31,961 [INFO] django.server - "GET /admin/jsi18n/ HTTP/1.1" 200 3342
2025-09-26 16:30:32,317 [INFO] django.server - "GET /static/admin/css/forms.css HTTP/1.1" 200 8794
2025-09-26 16:30:32,343 [INFO] django.server - "GET /static/admin/js/admin/DateTimeShortcuts.js HTTP/1.1" 200 19319
2025-09-26 16:30:32,345 [INFO] django.server - "GET /static/admin/css/widgets.css HTTP/1.1" 200 11564
2025-09-26 16:30:32,383 [INFO] django.server - "GET /static/admin/js/prepopulate_init.js HTTP/1.1" 200 586
2025-09-26 16:30:32,383 [INFO] django.server - "GET /static/admin/js/calendar.js HTTP/1.1" 200 9141
2025-09-26 16:30:32,428 [INFO] django.server - "GET /static/admin/js/change_form.js HTTP/1.1" 200 606
2025-09-26 16:30:32,690 [INFO] django.server - "GET /static/admin/img/icon-calendar.svg HTTP/1.1" 200 1086
2025-09-26 16:30:32,691 [INFO] django.server - "GET /static/admin/img/icon-clock.svg HTTP/1.1" 200 677
2025-09-26 16:30:37,339 [INFO] django.server - "GET /admin/Mainapp/user/ HTTP/1.1" 200 21371
2025-09-26 16:32:31,520 [INFO] Mainapp.authentication.user_authentication - Login attempt for email: admin@gmail.com
2025-09-26 16:32:31,521 [INFO] Mainapp.authentication.user_authentication - Login attempt for password: admin@123
2025-09-26 16:32:31,689 [DEBUG] Mainapp.authentication.user_authentication - User found: 8c8b6a47-ff0f-450c-8d12-7bfd7d9a67ab, Status: active
2025-09-26 16:32:34,263 [INFO] Mainapp.authentication.user_authentication - Login successful for user: 8c8b6a47-ff0f-450c-8d12-7bfd7d9a67ab
2025-09-26 16:32:34,264 [DEBUG] Mainapp.authentication.user_authentication - Generated tokens for user: 8c8b6a47-ff0f-450c-8d12-7bfd7d9a67ab
2025-09-26 16:32:34,267 [DEBUG] Mainapp.authentication.auth_serializer - Getting profile image for user ID: 8c8b6a47-ff0f-450c-8d12-7bfd7d9a67ab
2025-09-26 16:32:34,583 [ERROR] django.request - Internal Server Error: /api/users/
Traceback (most recent call last):
  File "C:\Users\sanke\AppData\Local\Packages\PythonSoftwareFoundation.Python.3.10_qbz5n2kfra8p0\LocalCache\local-packages\Python310\site-packages\django\core\handlers\exception.py", line 55, in inner
    response = get_response(request)
  File "C:\Users\sanke\AppData\Local\Packages\PythonSoftwareFoundation.Python.3.10_qbz5n2kfra8p0\LocalCache\local-packages\Python310\site-packages\django\core\handlers\base.py", line 197, in _get_response
    response = wrapped_callback(request, *callback_args, **callback_kwargs)
  File "C:\Users\sanke\AppData\Local\Packages\PythonSoftwareFoundation.Python.3.10_qbz5n2kfra8p0\LocalCache\local-packages\Python310\site-packages\django\views\decorators\csrf.py", line 65, in _view_wrapper
    return view_func(request, *args, **kwargs)
  File "C:\Users\sanke\AppData\Local\Packages\PythonSoftwareFoundation.Python.3.10_qbz5n2kfra8p0\LocalCache\local-packages\Python310\site-packages\django\views\generic\base.py", line 104, in view
    return self.dispatch(request, *args, **kwargs)
  File "C:\Users\sanke\AppData\Local\Packages\PythonSoftwareFoundation.Python.3.10_qbz5n2kfra8p0\LocalCache\local-packages\Python310\site-packages\rest_framework\views.py", line 509, in dispatch
    response = self.handle_exception(exc)
  File "C:\Users\sanke\AppData\Local\Packages\PythonSoftwareFoundation.Python.3.10_qbz5n2kfra8p0\LocalCache\local-packages\Python310\site-packages\rest_framework\views.py", line 469, in handle_exception
    self.raise_uncaught_exception(exc)
  File "C:\Users\sanke\AppData\Local\Packages\PythonSoftwareFoundation.Python.3.10_qbz5n2kfra8p0\LocalCache\local-packages\Python310\site-packages\rest_framework\views.py", line 480, in raise_uncaught_exception
    raise exc
  File "C:\Users\sanke\AppData\Local\Packages\PythonSoftwareFoundation.Python.3.10_qbz5n2kfra8p0\LocalCache\local-packages\Python310\site-packages\rest_framework\views.py", line 506, in dispatch
    response = handler(request, *args, **kwargs)
  File "C:\Users\sanke\Desktop\coderize\TraceMapr\Chhaya_new_backend\Mainapp\authentication\user_authentication.py", line 70, in post
    return self.login_user(request)
  File "C:\Users\sanke\Desktop\coderize\TraceMapr\Chhaya_new_backend\Mainapp\authentication\user_authentication.py", line 169, in login_user
    "user": self.get_user_data(user)
  File "C:\Users\sanke\Desktop\coderize\TraceMapr\Chhaya_new_backend\Mainapp\authentication\user_authentication.py", line 44, in get_user_data
    return UserSerializer(user).data
  File "C:\Users\sanke\AppData\Local\Packages\PythonSoftwareFoundation.Python.3.10_qbz5n2kfra8p0\LocalCache\local-packages\Python310\site-packages\rest_framework\serializers.py", line 571, in data
    ret = super().data
  File "C:\Users\sanke\AppData\Local\Packages\PythonSoftwareFoundation.Python.3.10_qbz5n2kfra8p0\LocalCache\local-packages\Python310\site-packages\rest_framework\serializers.py", line 249, in data
    self._data = self.to_representation(self.instance)
  File "C:\Users\sanke\AppData\Local\Packages\PythonSoftwareFoundation.Python.3.10_qbz5n2kfra8p0\LocalCache\local-packages\Python310\site-packages\rest_framework\serializers.py", line 538, in to_representation
    ret[field.field_name] = field.to_representation(attribute)
  File "C:\Users\sanke\AppData\Local\Packages\PythonSoftwareFoundation.Python.3.10_qbz5n2kfra8p0\LocalCache\local-packages\Python310\site-packages\rest_framework\fields.py", line 1872, in to_representation
    return method(value)
  File "C:\Users\sanke\Desktop\coderize\TraceMapr\Chhaya_new_backend\Mainapp\authentication\auth_serializer.py", line 57, in get_profile_image_upload
    logger.debug(f"Using uploaded profile image for user {obj.id}: {url}")
NameError: name 'url' is not defined
2025-09-26 16:32:34,590 [ERROR] django.server - "POST /api/users/ HTTP/1.1" 500 143941
2025-09-26 16:35:13,479 [INFO] django.utils.autoreload - C:\Users\sanke\Desktop\coderize\TraceMapr\Chhaya_new_backend\Mainapp\authentication\auth_serializer.py changed, reloading.
2025-09-26 16:35:16,336 [INFO] django.utils.autoreload - Watching for file changes with StatReloader
2025-09-26 16:35:24,455 [INFO] Mainapp.authentication.user_authentication - Login attempt for email: admin@gmail.com
2025-09-26 16:35:24,456 [INFO] Mainapp.authentication.user_authentication - Login attempt for password: admin@123
2025-09-26 16:35:24,559 [DEBUG] Mainapp.authentication.user_authentication - User found: 8c8b6a47-ff0f-450c-8d12-7bfd7d9a67ab, Status: active
2025-09-26 16:35:25,398 [INFO] Mainapp.authentication.user_authentication - Login successful for user: 8c8b6a47-ff0f-450c-8d12-7bfd7d9a67ab
2025-09-26 16:35:25,399 [DEBUG] Mainapp.authentication.user_authentication - Generated tokens for user: 8c8b6a47-ff0f-450c-8d12-7bfd7d9a67ab
2025-09-26 16:35:25,403 [DEBUG] Mainapp.authentication.auth_serializer - Getting profile image for user ID: 8c8b6a47-ff0f-450c-8d12-7bfd7d9a67ab
2025-09-26 16:35:25,404 [DEBUG] Mainapp.authentication.auth_serializer - Using uploaded profile image for user 8c8b6a47-ff0f-450c-8d12-7bfd7d9a67ab: /media/profile_images/TraceMapr_icon.png
2025-09-26 16:35:25,416 [INFO] django.server - "POST /api/users/ HTTP/1.1" 200 1143
2025-09-26 16:36:27,000 [WARNING] django.request - Unauthorized: /api/users/approved/
2025-09-26 16:36:27,002 [WARNING] django.server - "GET /api/users/approved/?page=1 HTTP/1.1" 401 58
2025-09-26 16:37:28,035 [INFO] Mainapp.authentication.admin_user_management - List method called by user: admin@gmail.com (admin)
2025-09-26 16:37:28,037 [INFO] Mainapp.authentication.admin_user_management - StatusUserView accessed for status: active
2025-09-26 16:37:28,037 [INFO] Mainapp.authentication.admin_user_management - Admin user approval view accessed by user: admin@gmail.com (admin)
2025-09-26 16:37:28,038 [DEBUG] Mainapp.authentication.admin_user_management - Query parameters - first_name: None, last_name: None, email_id: None, phone_no: None, user_type: None, search: None
2025-09-26 16:37:28,046 [INFO] Mainapp.authentication.admin_user_management - Final queryset count: 3
2025-09-26 16:37:28,051 [DEBUG] Mainapp.authentication.admin_user_management - Filtered by status: active, count: 3
2025-09-26 16:37:28,056 [DEBUG] Mainapp.authentication.admin_user_management - Status counts - Hold: 0, Approved: 3, Rejected: 0
2025-09-26 16:37:28,065 [INFO] Mainapp.authentication.admin_user_management - Successfully prepared response with paginated data
2025-09-26 16:37:28,068 [DEBUG] Mainapp.authentication.auth_serializer - Getting profile image for user ID: 2e3fe7f9-0e5a-4292-850a-ebaf0bca6957
2025-09-26 16:37:28,069 [DEBUG] Mainapp.authentication.auth_serializer - Using default avatar for user 2e3fe7f9-0e5a-4292-850a-ebaf0bca6957
2025-09-26 16:37:28,073 [DEBUG] Mainapp.authentication.auth_serializer - Getting profile image for user ID: 81250c49-9f93-424d-b7b5-be5f1488f31e
2025-09-26 16:37:28,074 [DEBUG] Mainapp.authentication.auth_serializer - Using default avatar for user 81250c49-9f93-424d-b7b5-be5f1488f31e
2025-09-26 16:37:28,075 [DEBUG] Mainapp.authentication.auth_serializer - Getting profile image for user ID: 8c8b6a47-ff0f-450c-8d12-7bfd7d9a67ab
2025-09-26 16:37:28,075 [DEBUG] Mainapp.authentication.auth_serializer - Using uploaded profile image with absolute URL for user 8c8b6a47-ff0f-450c-8d12-7bfd7d9a67ab: http://127.0.0.1:8000/media/profile_images/TraceMapr_icon.png
2025-09-26 16:37:28,081 [INFO] django.server - "GET /api/users/approved/?page=1 HTTP/1.1" 200 1863
2025-09-26 16:37:46,471 [INFO] django.server - "GET /media/profile_images/TraceMapr_icon.png HTTP/1.1" 200 5256
2025-09-26 16:38:14,172 [INFO] django.server - "GET /admin/Mainapp/user/81250c49-9f93-424d-b7b5-be5f1488f31e/change/ HTTP/1.1" 200 95168
2025-09-26 16:38:14,343 [INFO] django.server - "GET /admin/jsi18n/ HTTP/1.1" 200 3342
2025-09-26 16:38:21,757 [INFO] django.server - "POST /admin/Mainapp/user/81250c49-9f93-424d-b7b5-be5f1488f31e/change/ HTTP/1.1" 302 0
2025-09-26 16:38:21,983 [INFO] django.server - "GET /admin/Mainapp/user/ HTTP/1.1" 200 21615
2025-09-26 16:38:22,256 [INFO] django.server - "GET /admin/jsi18n/ HTTP/1.1" 200 3342
2025-09-26 16:38:26,734 [INFO] django.server - "GET /admin/Mainapp/user/81250c49-9f93-424d-b7b5-be5f1488f31e/change/ HTTP/1.1" 200 95124
2025-09-26 16:38:26,892 [INFO] django.server - "GET /admin/jsi18n/ HTTP/1.1" 200 3342
2025-09-26 16:38:32,218 [INFO] django.server - "POST /admin/Mainapp/user/81250c49-9f93-424d-b7b5-be5f1488f31e/change/ HTTP/1.1" 302 0
2025-09-26 16:38:32,358 [INFO] django.server - "GET /admin/Mainapp/user/ HTTP/1.1" 200 21615
2025-09-26 16:38:32,593 [INFO] django.server - "GET /admin/jsi18n/ HTTP/1.1" 200 3342
2025-09-26 16:38:49,235 [INFO] Mainapp.authentication.admin_user_management - List method called by user: admin@gmail.com (admin)
2025-09-26 16:38:49,237 [INFO] Mainapp.authentication.admin_user_management - StatusUserView accessed for status: active
2025-09-26 16:38:49,237 [INFO] Mainapp.authentication.admin_user_management - Admin user approval view accessed by user: admin@gmail.com (admin)
2025-09-26 16:38:49,238 [DEBUG] Mainapp.authentication.admin_user_management - Query parameters - first_name: None, last_name: None, email_id: None, phone_no: None, user_type: None, search: None
2025-09-26 16:38:49,241 [INFO] Mainapp.authentication.admin_user_management - Final queryset count: 3
2025-09-26 16:38:49,245 [DEBUG] Mainapp.authentication.admin_user_management - Filtered by status: active, count: 3
2025-09-26 16:38:49,251 [DEBUG] Mainapp.authentication.admin_user_management - Status counts - Hold: 0, Approved: 3, Rejected: 0
2025-09-26 16:38:49,257 [INFO] Mainapp.authentication.admin_user_management - Successfully prepared response with paginated data
2025-09-26 16:38:49,260 [DEBUG] Mainapp.authentication.auth_serializer - Getting profile image for user ID: 81250c49-9f93-424d-b7b5-be5f1488f31e
2025-09-26 16:38:49,261 [DEBUG] Mainapp.authentication.auth_serializer - Using default avatar for user 81250c49-9f93-424d-b7b5-be5f1488f31e
2025-09-26 16:38:49,262 [DEBUG] Mainapp.authentication.auth_serializer - Getting profile image for user ID: 2e3fe7f9-0e5a-4292-850a-ebaf0bca6957
2025-09-26 16:38:49,263 [DEBUG] Mainapp.authentication.auth_serializer - Using default avatar for user 2e3fe7f9-0e5a-4292-850a-ebaf0bca6957
2025-09-26 16:38:49,267 [DEBUG] Mainapp.authentication.auth_serializer - Getting profile image for user ID: 8c8b6a47-ff0f-450c-8d12-7bfd7d9a67ab
2025-09-26 16:38:49,268 [DEBUG] Mainapp.authentication.auth_serializer - Using uploaded profile image with absolute URL for user 8c8b6a47-ff0f-450c-8d12-7bfd7d9a67ab: http://127.0.0.1:8000/media/profile_images/TraceMapr_icon.png
2025-09-26 16:38:49,273 [INFO] django.server - "GET /api/users/approved/?page=1 HTTP/1.1" 200 1852
2025-09-26 16:42:12,305 [INFO] django.server - "GET /admin/Mainapp/user/ HTTP/1.1" 200 21356
2025-09-26 16:42:12,469 [INFO] django.server - "GET /admin/jsi18n/ HTTP/1.1" 200 3342
2025-09-26 17:04:21,647 [WARNING] django.request - Not Found: /api/users/approved/81250c49-9f93-424d-b7b5-be5f1488f31e/
2025-09-26 17:04:21,670 [WARNING] django.server - "PATCH /api/users/approved/81250c49-9f93-424d-b7b5-be5f1488f31e/ HTTP/1.1" 404 55431
2025-09-26 17:04:58,638 [INFO] Mainapp.authentication.admin_user_management - PATCH request for user ID: 81250c49-9f93-424d-b7b5-be5f1488f31e by user: admin@gmail.com (admin)
2025-09-26 17:04:58,641 [DEBUG] Mainapp.authentication.admin_user_management - Found user: sanketlodhe9923@gmail.com (ID: 81250c49-9f93-424d-b7b5-be5f1488f31e)
2025-09-26 17:04:58,645 [DEBUG] Mainapp.authentication.admin_user_management - Action requested: hold
2025-09-26 17:04:58,646 [INFO] Mainapp.authentication.admin_user_management - Putting user on hold: sanketlodhe9923@gmail.com
2025-09-26 17:04:58,650 [DEBUG] Mainapp.authentication.admin_user_management - Status updated by: admin@gmail.com (admin), at: 2025-09-26 11:34:58.649754+00:00
2025-09-26 17:04:58,687 [INFO] Mainapp.authentication.admin_user_management - User hold successfully: sanketlodhe9923@gmail.com
2025-09-26 17:04:58,692 [INFO] django.server - "PATCH /api/users/approve/81250c49-9f93-424d-b7b5-be5f1488f31e/ HTTP/1.1" 200 37
2025-09-26 17:05:10,093 [INFO] Mainapp.authentication.admin_user_management - List method called by user: admin@gmail.com (admin)
2025-09-26 17:05:10,095 [INFO] Mainapp.authentication.admin_user_management - StatusUserView accessed for status: active
2025-09-26 17:05:10,096 [INFO] Mainapp.authentication.admin_user_management - Admin user approval view accessed by user: admin@gmail.com (admin)
2025-09-26 17:05:10,097 [DEBUG] Mainapp.authentication.admin_user_management - Query parameters - first_name: None, last_name: None, email_id: None, phone_no: None, user_type: None, search: None
2025-09-26 17:05:10,105 [INFO] Mainapp.authentication.admin_user_management - Final queryset count: 3
2025-09-26 17:05:10,113 [DEBUG] Mainapp.authentication.admin_user_management - Filtered by status: active, count: 2
2025-09-26 17:05:10,120 [DEBUG] Mainapp.authentication.admin_user_management - Status counts - Hold: 0, Approved: 2, Rejected: 0
2025-09-26 17:05:10,133 [INFO] Mainapp.authentication.admin_user_management - Successfully prepared response with paginated data
2025-09-26 17:05:10,147 [DEBUG] Mainapp.authentication.auth_serializer - Getting profile image for user ID: 2e3fe7f9-0e5a-4292-850a-ebaf0bca6957
2025-09-26 17:05:10,148 [DEBUG] Mainapp.authentication.auth_serializer - Using default avatar for user 2e3fe7f9-0e5a-4292-850a-ebaf0bca6957
2025-09-26 17:05:10,155 [DEBUG] Mainapp.authentication.auth_serializer - Getting profile image for user ID: 8c8b6a47-ff0f-450c-8d12-7bfd7d9a67ab
2025-09-26 17:05:10,156 [DEBUG] Mainapp.authentication.auth_serializer - Using uploaded profile image with absolute URL for user 8c8b6a47-ff0f-450c-8d12-7bfd7d9a67ab: http://127.0.0.1:8000/media/profile_images/TraceMapr_icon.png
2025-09-26 17:05:10,165 [INFO] django.server - "GET /api/users/approved/ HTTP/1.1" 200 1354
2025-09-26 17:42:28,742 [INFO] django.utils.autoreload - C:\Users\sanke\Desktop\coderize\TraceMapr\Chhaya_new_backend\Mainapp\viewsets\person_api.py changed, reloading.
2025-09-26 17:42:33,987 [INFO] django.utils.autoreload - Watching for file changes with StatReloader
2025-09-26 17:44:19,233 [INFO] django.utils.autoreload - C:\Users\sanke\Desktop\coderize\TraceMapr\Chhaya_new_backend\Mainapp\viewsets\person_api.py changed, reloading.
2025-09-26 17:44:24,176 [INFO] django.utils.autoreload - Watching for file changes with StatReloader
2025-09-26 17:45:22,185 [INFO] django.utils.autoreload - C:\Users\sanke\Desktop\coderize\TraceMapr\Chhaya_new_backend\New_Backend\settings.py changed, reloading.
2025-09-26 17:45:24,375 [INFO] django.utils.autoreload - Watching for file changes with StatReloader
