2025-09-10 09:34:46,656 [INFO] django.utils.autoreload - Watching for file changes with StatReloader
2025-09-10 09:44:34,713 [INFO] Mainapp.viewsets.filters - DISTRICTS request received from client: 127.0.0.1
2025-09-10 09:44:34,721 [DEBUG] Mainapp.viewsets.filters - Request query params: {'state': ['Maharashtra']}
2025-09-10 09:44:34,722 [DEBUG] Mainapp.viewsets.filters - Fetching districts for state: Maharashtra
2025-09-10 09:44:34,795 [WARNING] django.server - "GET //static/images/default-avatar.png HTTP/1.1" 404 2002
2025-09-10 09:44:35,095 [DEBUG] Mainapp.viewsets.filters - Found 9 districts from Person model for state: Maharashtra
2025-09-10 09:44:35,132 [DEBUG] Mainapp.viewsets.filters - Found 6 districts from Address model for state: Maharashtra
2025-09-10 09:44:35,137 [DEBUG] Mainapp.viewsets.filters - Normalizing queryset with 9 items
2025-09-10 09:44:35,138 [DEBUG] Mainapp.viewsets.filters - Normalized to 3 unique items
2025-09-10 09:44:35,141 [DEBUG] Mainapp.viewsets.filters - Normalizing queryset with 6 items
2025-09-10 09:44:35,141 [DEBUG] Mainapp.viewsets.filters - Normalized to 3 unique items
2025-09-10 09:44:35,142 [INFO] Mainapp.viewsets.filters - Returning 4 unique districts for state: Maharashtra
2025-09-10 09:44:35,143 [DEBUG] Mainapp.viewsets.filters - Districts data for Maharashtra: ['Amravati', 'Jalna', 'Mumbai', 'Pune']
2025-09-10 09:44:35,146 [INFO] django.server - "GET //api/filters_address/districts/?state=Maharashtra HTTP/1.1" 200 36
2025-09-10 09:44:35,211 [INFO] Mainapp.viewsets.filters - DISTRICTS request received from client: 127.0.0.1
2025-09-10 09:44:35,212 [DEBUG] Mainapp.viewsets.filters - Request query params: {'state': ['Maharashtra']}
2025-09-10 09:44:35,223 [DEBUG] Mainapp.viewsets.filters - Fetching districts for state: Maharashtra
2025-09-10 09:44:35,689 [DEBUG] Mainapp.viewsets.filters - Found 9 districts from Person model for state: Maharashtra
2025-09-10 09:44:35,719 [DEBUG] Mainapp.viewsets.filters - Found 6 districts from Address model for state: Maharashtra
2025-09-10 09:44:35,743 [DEBUG] Mainapp.viewsets.filters - Normalizing queryset with 9 items
2025-09-10 09:44:35,759 [DEBUG] Mainapp.viewsets.filters - Normalized to 3 unique items
2025-09-10 09:44:35,802 [DEBUG] Mainapp.viewsets.filters - Normalizing queryset with 6 items
2025-09-10 09:44:35,910 [DEBUG] Mainapp.viewsets.filters - Normalized to 3 unique items
2025-09-10 09:44:35,912 [INFO] Mainapp.viewsets.filters - Returning 4 unique districts for state: Maharashtra
2025-09-10 09:44:35,913 [DEBUG] Mainapp.viewsets.filters - Districts data for Maharashtra: ['Amravati', 'Jalna', 'Mumbai', 'Pune']
2025-09-10 09:44:35,955 [INFO] django.server - "GET //api/filters_address/districts/?state=Maharashtra HTTP/1.1" 200 36
2025-09-10 09:44:36,682 [DEBUG] Mainapp.viewsets.person_api - Getting permissions for action: retrieve
2025-09-10 09:44:36,684 [DEBUG] Mainapp.viewsets.person_api - Getting permissions for action: retrieve
2025-09-10 09:44:36,687 [INFO] Mainapp.viewsets.person_api - Allowing public access for action: retrieve
2025-09-10 09:44:36,689 [INFO] Mainapp.viewsets.person_api - Allowing public access for action: retrieve
2025-09-10 09:44:36,691 [INFO] Mainapp.viewsets.person_api - RETRIEVE request for person ID: d85ada94-6070-4159-802e-c13201e131ba from user: AnonymousUser
2025-09-10 09:44:36,692 [INFO] Mainapp.viewsets.person_api - RETRIEVE request for person ID: d34c7034-cf60-4985-9230-04f750c6ffc5 from user: AnonymousUser
2025-09-10 09:44:36,912 [WARNING] Mainapp.viewsets.person_api - Person with ID d34c7034-cf60-4985-9230-04f750c6ffc5 not found or not approved
2025-09-10 09:44:36,918 [WARNING] django.request - Not Found: /api/persons/d34c7034-cf60-4985-9230-04f750c6ffc5/
2025-09-10 09:44:36,956 [WARNING] django.server - "GET //api/persons/d34c7034-cf60-4985-9230-04f750c6ffc5/ HTTP/1.1" 404 28
2025-09-10 09:44:37,048 [WARNING] Mainapp.viewsets.person_api - Person with ID d85ada94-6070-4159-802e-c13201e131ba not found or not approved
2025-09-10 09:44:37,050 [WARNING] django.request - Not Found: /api/persons/d85ada94-6070-4159-802e-c13201e131ba/
2025-09-10 09:44:37,051 [WARNING] django.server - "GET //api/persons/d85ada94-6070-4159-802e-c13201e131ba/ HTTP/1.1" 404 28
2025-09-10 09:44:40,837 [INFO] django.server - "OPTIONS //api/police-station-name-list/ HTTP/1.1" 200 0
2025-09-10 09:44:40,837 [INFO] django.server - "OPTIONS //api/persons_status/pending/?state=Maharashtra&page=1&page_size=10 HTTP/1.1" 200 0
2025-09-10 09:44:40,837 [INFO] django.server - "OPTIONS //api/persons_status/pending/?state=Maharashtra&page=1&page_size=10 HTTP/1.1" 200 0
2025-09-10 09:44:40,840 [INFO] django.server - "OPTIONS //api/persons_status/approved/?state=Maharashtra&page=1&page_size=10 HTTP/1.1" 200 0
2025-09-10 09:44:40,845 [INFO] Mainapp.viewsets.filters - DISTRICTS request received from client: 127.0.0.1
2025-09-10 09:44:40,849 [INFO] django.server - "OPTIONS //api/persons_status/suspended/?state=Maharashtra&page=1&page_size=10 HTTP/1.1" 200 0
2025-09-10 09:44:40,893 [DEBUG] Mainapp.viewsets.filters - Request query params: {'state': ['Maharashtra']}
2025-09-10 09:44:40,905 [INFO] django.server - "OPTIONS //api/persons_status/on_hold/?state=Maharashtra&page=1&page_size=10 HTTP/1.1" 200 0
2025-09-10 09:44:40,922 [DEBUG] Mainapp.viewsets.filters - Fetching districts for state: Maharashtra
2025-09-10 09:44:41,292 [INFO] django.server - "GET //api/police-station-name-list/ HTTP/1.1" 200 80
2025-09-10 09:44:41,982 [INFO] Mainapp.viewsets.casetype_apis - Fetching persons list with filters: {'state': 'Maharashtra', 'page': '1', 'page_size': '10'}
2025-09-10 09:44:41,983 [INFO] Mainapp.viewsets.casetype_apis - Fetching persons list with filters: {'state': 'Maharashtra', 'page': '1', 'page_size': '10'}
2025-09-10 09:44:41,986 [DEBUG] Mainapp.viewsets.casetype_apis - Applying filter: state=Maharashtra
2025-09-10 09:44:41,989 [DEBUG] Mainapp.viewsets.casetype_apis - Applying filter: state=Maharashtra
2025-09-10 09:44:41,990 [INFO] Mainapp.viewsets.casetype_apis - Fetching persons list with filters: {'state': 'Maharashtra', 'page': '1', 'page_size': '10'}
2025-09-10 09:44:42,005 [INFO] Mainapp.viewsets.casetype_apis - Fetching persons list with filters: {'state': 'Maharashtra', 'page': '1', 'page_size': '10'}
2025-09-10 09:44:42,011 [DEBUG] Mainapp.viewsets.casetype_apis - Applying filter: state=Maharashtra
2025-09-10 09:44:42,012 [DEBUG] Mainapp.viewsets.casetype_apis - Applying filter: state=Maharashtra
2025-09-10 09:44:42,016 [INFO] Mainapp.viewsets.casetype_apis - Fetching persons list with filters: {'state': 'Maharashtra', 'page': '1', 'page_size': '10'}
2025-09-10 09:44:42,017 [DEBUG] Mainapp.viewsets.filters - Found 9 districts from Person model for state: Maharashtra
2025-09-10 09:44:42,028 [DEBUG] Mainapp.viewsets.casetype_apis - Applying filter: state=Maharashtra
2025-09-10 09:44:42,038 [INFO] Mainapp.viewsets.casetype_apis - Fetching persons list with filters: {'state': 'Maharashtra', 'page': '1', 'page_size': '10'}
2025-09-10 09:44:42,045 [DEBUG] Mainapp.viewsets.casetype_apis - Applying filter: state=Maharashtra
2025-09-10 09:44:42,083 [INFO] Mainapp.viewsets.casetype_apis - Fetching persons list with filters: {'state': 'Maharashtra', 'page': '1', 'page_size': '10'}
2025-09-10 09:44:42,083 [INFO] django.server - "GET //api/persons_status/suspended/?state=Maharashtra&page=1&page_size=10 HTTP/1.1" 200 324
2025-09-10 09:44:42,084 [DEBUG] Mainapp.viewsets.casetype_apis - Applying filter: state=Maharashtra
2025-09-10 09:44:42,086 [INFO] Mainapp.viewsets.casetype_apis - Fetching persons list with filters: {'state': 'Maharashtra', 'page': '1', 'page_size': '10'}
2025-09-10 09:44:42,088 [DEBUG] Mainapp.viewsets.casetype_apis - Applying filter: state=Maharashtra
2025-09-10 09:44:42,103 [INFO] django.server - "GET //api/persons_status/on_hold/?state=Maharashtra&page=1&page_size=10 HTTP/1.1" 200 320
2025-09-10 09:44:42,122 [INFO] django.server - "GET //api/persons_status/pending/?state=Maharashtra&page=1&page_size=10 HTTP/1.1" 200 320
2025-09-10 09:44:42,128 [DEBUG] Mainapp.viewsets.filters - Found 6 districts from Address model for state: Maharashtra
2025-09-10 09:44:42,139 [DEBUG] Mainapp.viewsets.filters - Normalizing queryset with 9 items
2025-09-10 09:44:42,141 [DEBUG] Mainapp.viewsets.filters - Normalized to 3 unique items
2025-09-10 09:44:42,143 [DEBUG] Mainapp.viewsets.filters - Normalizing queryset with 6 items
2025-09-10 09:44:42,144 [DEBUG] Mainapp.viewsets.filters - Normalized to 3 unique items
2025-09-10 09:44:42,145 [INFO] Mainapp.viewsets.filters - Returning 4 unique districts for state: Maharashtra
2025-09-10 09:44:42,146 [DEBUG] Mainapp.viewsets.filters - Districts data for Maharashtra: ['Amravati', 'Jalna', 'Mumbai', 'Pune']
2025-09-10 09:44:42,151 [INFO] django.server - "GET //api/filters_address/districts/?state=Maharashtra HTTP/1.1" 200 36
2025-09-10 09:44:42,293 [INFO] Mainapp.viewsets.casetype_apis - Fetching persons list with filters: {'state': 'Maharashtra', 'page': '1', 'page_size': '10'}
2025-09-10 09:44:42,296 [DEBUG] Mainapp.viewsets.casetype_apis - Applying filter: state=Maharashtra
2025-09-10 09:44:42,304 [INFO] Mainapp.viewsets.casetype_apis - Fetching persons list with filters: {'state': 'Maharashtra', 'page': '1', 'page_size': '10'}
2025-09-10 09:44:42,305 [DEBUG] Mainapp.viewsets.casetype_apis - Applying filter: state=Maharashtra
2025-09-10 09:44:42,323 [INFO] django.server - "GET //api/persons_status/approved/?state=Maharashtra&page=1&page_size=10 HTTP/1.1" 200 2749
2025-09-10 09:44:42,375 [INFO] django.server - "GET //api/persons_status/pending/?state=Maharashtra&page=1&page_size=10 HTTP/1.1" 200 320
2025-09-10 11:06:35,543 [INFO] django.utils.autoreload - C:\Users\lenovo\Desktop\Coderize\Chhaya_Project\Chhayya_Backend\Mainapp\matching_apis\match_missing_with_unidentified_body.py changed, reloading.
2025-09-10 11:06:38,966 [INFO] django.utils.autoreload - Watching for file changes with StatReloader
2025-09-10 11:12:51,157 [INFO] django.utils.autoreload - C:\Users\lenovo\Desktop\Coderize\Chhaya_Project\Chhayya_Backend\Mainapp\matching_apis\match_missing_with_unidentified_body.py changed, reloading.
2025-09-10 11:12:52,847 [INFO] django.utils.autoreload - Watching for file changes with StatReloader
2025-09-10 11:15:55,001 [INFO] django.utils.autoreload - C:\Users\lenovo\Desktop\Coderize\Chhaya_Project\Chhayya_Backend\Mainapp\matching_apis\match_missing_with_unidentified_body.py changed, reloading.
2025-09-10 11:15:56,270 [INFO] django.utils.autoreload - Watching for file changes with StatReloader
2025-09-10 11:19:28,577 [INFO] django.utils.autoreload - C:\Users\lenovo\Desktop\Coderize\Chhaya_Project\Chhayya_Backend\Mainapp\matching_apis\match_missing_with_unidentified_body.py changed, reloading.
2025-09-10 11:19:29,693 [INFO] django.utils.autoreload - Watching for file changes with StatReloader
2025-09-10 11:19:38,605 [INFO] django.utils.autoreload - C:\Users\lenovo\Desktop\Coderize\Chhaya_Project\Chhayya_Backend\Mainapp\matching_apis\match_missing_with_unidentified_body.py changed, reloading.
2025-09-10 11:19:39,777 [INFO] django.utils.autoreload - Watching for file changes with StatReloader
2025-09-10 11:19:51,779 [INFO] django.utils.autoreload - C:\Users\lenovo\Desktop\Coderize\Chhaya_Project\Chhayya_Backend\Mainapp\matching_apis\match_missing_with_unidentified_body.py changed, reloading.
2025-09-10 11:19:52,940 [INFO] django.utils.autoreload - Watching for file changes with StatReloader
2025-09-10 11:20:02,570 [INFO] django.utils.autoreload - C:\Users\lenovo\Desktop\Coderize\Chhaya_Project\Chhayya_Backend\Mainapp\matching_apis\match_missing_with_unidentified_body.py changed, reloading.
2025-09-10 11:20:03,746 [INFO] django.utils.autoreload - Watching for file changes with StatReloader
2025-09-10 11:20:13,284 [INFO] django.utils.autoreload - C:\Users\lenovo\Desktop\Coderize\Chhaya_Project\Chhayya_Backend\Mainapp\matching_apis\match_missing_with_unidentified_body.py changed, reloading.
2025-09-10 11:20:14,437 [INFO] django.utils.autoreload - Watching for file changes with StatReloader
2025-09-10 11:20:45,064 [INFO] django.utils.autoreload - C:\Users\lenovo\Desktop\Coderize\Chhaya_Project\Chhayya_Backend\Mainapp\matching_apis\match_missing_with_unidentified_body.py changed, reloading.
2025-09-10 11:20:46,350 [INFO] django.utils.autoreload - Watching for file changes with StatReloader
2025-09-10 11:20:57,126 [INFO] django.utils.autoreload - C:\Users\lenovo\Desktop\Coderize\Chhaya_Project\Chhayya_Backend\Mainapp\matching_apis\match_missing_with_unidentified_body.py changed, reloading.
2025-09-10 11:20:58,160 [INFO] django.utils.autoreload - Watching for file changes with StatReloader
2025-09-10 11:21:11,650 [INFO] django.utils.autoreload - C:\Users\lenovo\Desktop\Coderize\Chhaya_Project\Chhayya_Backend\Mainapp\matching_apis\match_missing_with_unidentified_body.py changed, reloading.
2025-09-10 11:21:12,820 [INFO] django.utils.autoreload - Watching for file changes with StatReloader
2025-09-10 11:21:23,569 [INFO] django.utils.autoreload - C:\Users\lenovo\Desktop\Coderize\Chhaya_Project\Chhayya_Backend\Mainapp\matching_apis\match_missing_with_unidentified_body.py changed, reloading.
2025-09-10 11:21:24,694 [INFO] django.utils.autoreload - Watching for file changes with StatReloader
2025-09-10 11:21:36,096 [INFO] django.utils.autoreload - C:\Users\lenovo\Desktop\Coderize\Chhaya_Project\Chhayya_Backend\Mainapp\matching_apis\match_missing_with_unidentified_body.py changed, reloading.
2025-09-10 11:21:37,158 [INFO] django.utils.autoreload - Watching for file changes with StatReloader
2025-09-10 11:21:48,409 [INFO] django.utils.autoreload - C:\Users\lenovo\Desktop\Coderize\Chhaya_Project\Chhayya_Backend\Mainapp\matching_apis\match_missing_with_unidentified_body.py changed, reloading.
2025-09-10 11:21:49,465 [INFO] django.utils.autoreload - Watching for file changes with StatReloader
2025-09-10 11:22:25,602 [INFO] django.utils.autoreload - C:\Users\lenovo\Desktop\Coderize\Chhaya_Project\Chhayya_Backend\Mainapp\matching_apis\match_missing_with_unidentified_body.py changed, reloading.
2025-09-10 11:22:26,698 [INFO] django.utils.autoreload - Watching for file changes with StatReloader
2025-09-10 11:22:52,086 [INFO] django.utils.autoreload - C:\Users\lenovo\Desktop\Coderize\Chhaya_Project\Chhayya_Backend\Mainapp\matching_apis\match_missing_with_unidentified_body.py changed, reloading.
2025-09-10 11:22:53,059 [INFO] django.utils.autoreload - Watching for file changes with StatReloader
2025-09-10 11:23:12,605 [INFO] django.utils.autoreload - C:\Users\lenovo\Desktop\Coderize\Chhaya_Project\Chhayya_Backend\Mainapp\matching_apis\match_missing_with_unidentified_body.py changed, reloading.
2025-09-10 11:23:13,664 [INFO] django.utils.autoreload - Watching for file changes with StatReloader
2025-09-10 11:23:35,506 [INFO] django.utils.autoreload - C:\Users\lenovo\Desktop\Coderize\Chhaya_Project\Chhayya_Backend\Mainapp\matching_apis\match_missing_with_unidentified_body.py changed, reloading.
2025-09-10 11:23:36,733 [INFO] django.utils.autoreload - Watching for file changes with StatReloader
2025-09-10 11:23:52,309 [INFO] django.utils.autoreload - C:\Users\lenovo\Desktop\Coderize\Chhaya_Project\Chhayya_Backend\Mainapp\matching_apis\match_missing_with_unidentified_body.py changed, reloading.
2025-09-10 11:23:53,359 [INFO] django.utils.autoreload - Watching for file changes with StatReloader
2025-09-10 11:24:12,742 [INFO] django.utils.autoreload - C:\Users\lenovo\Desktop\Coderize\Chhaya_Project\Chhayya_Backend\Mainapp\matching_apis\match_missing_with_unidentified_body.py changed, reloading.
2025-09-10 11:24:14,091 [INFO] django.utils.autoreload - Watching for file changes with StatReloader
2025-09-10 11:24:23,244 [INFO] django.utils.autoreload - C:\Users\lenovo\Desktop\Coderize\Chhaya_Project\Chhayya_Backend\Mainapp\matching_apis\match_missing_with_unidentified_body.py changed, reloading.
2025-09-10 11:24:24,433 [INFO] django.utils.autoreload - Watching for file changes with StatReloader
2025-09-10 11:24:36,461 [INFO] django.utils.autoreload - C:\Users\lenovo\Desktop\Coderize\Chhaya_Project\Chhayya_Backend\Mainapp\matching_apis\match_missing_with_unidentified_body.py changed, reloading.
2025-09-10 11:24:37,506 [INFO] django.utils.autoreload - Watching for file changes with StatReloader
2025-09-10 11:24:51,585 [INFO] django.utils.autoreload - C:\Users\lenovo\Desktop\Coderize\Chhaya_Project\Chhayya_Backend\Mainapp\matching_apis\match_missing_with_unidentified_body.py changed, reloading.
2025-09-10 11:24:52,686 [INFO] django.utils.autoreload - Watching for file changes with StatReloader
2025-09-10 11:25:03,887 [INFO] django.utils.autoreload - C:\Users\lenovo\Desktop\Coderize\Chhaya_Project\Chhayya_Backend\Mainapp\matching_apis\match_missing_with_unidentified_body.py changed, reloading.
2025-09-10 11:25:05,079 [INFO] django.utils.autoreload - Watching for file changes with StatReloader
2025-09-10 11:25:23,523 [INFO] django.utils.autoreload - C:\Users\lenovo\Desktop\Coderize\Chhaya_Project\Chhayya_Backend\Mainapp\matching_apis\match_missing_with_unidentified_body.py changed, reloading.
2025-09-10 11:25:24,545 [INFO] django.utils.autoreload - Watching for file changes with StatReloader
2025-09-10 11:25:34,230 [INFO] django.utils.autoreload - C:\Users\lenovo\Desktop\Coderize\Chhaya_Project\Chhayya_Backend\Mainapp\matching_apis\match_missing_with_unidentified_body.py changed, reloading.
2025-09-10 11:25:35,420 [INFO] django.utils.autoreload - Watching for file changes with StatReloader
2025-09-10 11:25:46,061 [INFO] django.utils.autoreload - C:\Users\lenovo\Desktop\Coderize\Chhaya_Project\Chhayya_Backend\Mainapp\matching_apis\match_missing_with_unidentified_body.py changed, reloading.
2025-09-10 11:25:47,620 [INFO] django.utils.autoreload - Watching for file changes with StatReloader
2025-09-10 11:25:57,475 [INFO] django.utils.autoreload - C:\Users\lenovo\Desktop\Coderize\Chhaya_Project\Chhayya_Backend\Mainapp\matching_apis\match_missing_with_unidentified_body.py changed, reloading.
2025-09-10 11:25:58,604 [INFO] django.utils.autoreload - Watching for file changes with StatReloader
2025-09-10 11:26:09,618 [INFO] django.utils.autoreload - C:\Users\lenovo\Desktop\Coderize\Chhaya_Project\Chhayya_Backend\Mainapp\matching_apis\match_missing_with_unidentified_body.py changed, reloading.
2025-09-10 11:26:10,705 [INFO] django.utils.autoreload - Watching for file changes with StatReloader
2025-09-10 11:26:28,851 [INFO] django.utils.autoreload - C:\Users\lenovo\Desktop\Coderize\Chhaya_Project\Chhayya_Backend\Mainapp\matching_apis\match_missing_with_unidentified_body.py changed, reloading.
2025-09-10 11:26:30,022 [INFO] django.utils.autoreload - Watching for file changes with StatReloader
2025-09-10 11:26:52,861 [INFO] django.utils.autoreload - C:\Users\lenovo\Desktop\Coderize\Chhaya_Project\Chhayya_Backend\Mainapp\matching_apis\match_missing_with_unidentified_body.py changed, reloading.
2025-09-10 11:26:53,984 [INFO] django.utils.autoreload - Watching for file changes with StatReloader
2025-09-10 11:27:45,544 [INFO] django.utils.autoreload - C:\Users\lenovo\Desktop\Coderize\Chhaya_Project\Chhayya_Backend\Mainapp\matching_apis\match_missing_with_unidentified_body.py changed, reloading.
2025-09-10 11:27:46,629 [INFO] django.utils.autoreload - Watching for file changes with StatReloader
2025-09-10 11:27:56,259 [INFO] django.utils.autoreload - C:\Users\lenovo\Desktop\Coderize\Chhaya_Project\Chhayya_Backend\Mainapp\matching_apis\match_missing_with_unidentified_body.py changed, reloading.
2025-09-10 11:27:57,530 [INFO] django.utils.autoreload - Watching for file changes with StatReloader
2025-09-10 11:28:42,885 [INFO] django.utils.autoreload - C:\Users\lenovo\Desktop\Coderize\Chhaya_Project\Chhayya_Backend\Mainapp\matching_apis\match_missing_with_unidentified_body.py changed, reloading.
2025-09-10 11:28:44,120 [INFO] django.utils.autoreload - Watching for file changes with StatReloader
2025-09-10 11:28:58,155 [INFO] django.utils.autoreload - C:\Users\lenovo\Desktop\Coderize\Chhaya_Project\Chhayya_Backend\Mainapp\matching_apis\match_missing_with_unidentified_body.py changed, reloading.
2025-09-10 11:28:59,235 [INFO] django.utils.autoreload - Watching for file changes with StatReloader
2025-09-10 11:29:08,209 [INFO] django.utils.autoreload - C:\Users\lenovo\Desktop\Coderize\Chhaya_Project\Chhayya_Backend\Mainapp\matching_apis\match_missing_with_unidentified_body.py changed, reloading.
2025-09-10 11:29:09,431 [INFO] django.utils.autoreload - Watching for file changes with StatReloader
2025-09-10 11:29:19,556 [INFO] django.utils.autoreload - C:\Users\lenovo\Desktop\Coderize\Chhaya_Project\Chhayya_Backend\Mainapp\matching_apis\match_missing_with_unidentified_body.py changed, reloading.
2025-09-10 11:29:20,911 [INFO] django.utils.autoreload - Watching for file changes with StatReloader
2025-09-10 11:29:32,167 [INFO] django.utils.autoreload - C:\Users\lenovo\Desktop\Coderize\Chhaya_Project\Chhayya_Backend\Mainapp\matching_apis\match_missing_with_unidentified_body.py changed, reloading.
2025-09-10 11:29:33,360 [INFO] django.utils.autoreload - Watching for file changes with StatReloader
2025-09-10 11:29:45,359 [INFO] django.utils.autoreload - C:\Users\lenovo\Desktop\Coderize\Chhaya_Project\Chhayya_Backend\Mainapp\matching_apis\match_missing_with_unidentified_body.py changed, reloading.
2025-09-10 11:29:47,076 [INFO] django.utils.autoreload - Watching for file changes with StatReloader
2025-09-10 11:29:56,748 [INFO] django.utils.autoreload - C:\Users\lenovo\Desktop\Coderize\Chhaya_Project\Chhayya_Backend\Mainapp\matching_apis\match_missing_with_unidentified_body.py changed, reloading.
2025-09-10 11:29:58,124 [INFO] django.utils.autoreload - Watching for file changes with StatReloader
2025-09-10 11:30:05,791 [INFO] django.utils.autoreload - C:\Users\lenovo\Desktop\Coderize\Chhaya_Project\Chhayya_Backend\Mainapp\matching_apis\match_missing_with_unidentified_body.py changed, reloading.
2025-09-10 11:30:06,911 [INFO] django.utils.autoreload - Watching for file changes with StatReloader
2025-09-10 11:30:17,020 [INFO] django.utils.autoreload - C:\Users\lenovo\Desktop\Coderize\Chhaya_Project\Chhayya_Backend\Mainapp\matching_apis\match_missing_with_unidentified_body.py changed, reloading.
2025-09-10 11:30:18,066 [INFO] django.utils.autoreload - Watching for file changes with StatReloader
2025-09-10 11:30:27,218 [INFO] django.utils.autoreload - C:\Users\lenovo\Desktop\Coderize\Chhaya_Project\Chhayya_Backend\Mainapp\matching_apis\match_missing_with_unidentified_body.py changed, reloading.
2025-09-10 11:30:28,285 [INFO] django.utils.autoreload - Watching for file changes with StatReloader
2025-09-10 11:30:40,724 [INFO] django.utils.autoreload - C:\Users\lenovo\Desktop\Coderize\Chhaya_Project\Chhayya_Backend\Mainapp\matching_apis\match_missing_with_unidentified_body.py changed, reloading.
2025-09-10 11:30:41,825 [INFO] django.utils.autoreload - Watching for file changes with StatReloader
2025-09-10 11:30:50,567 [INFO] django.utils.autoreload - C:\Users\lenovo\Desktop\Coderize\Chhaya_Project\Chhayya_Backend\Mainapp\matching_apis\match_missing_with_unidentified_body.py changed, reloading.
2025-09-10 11:30:51,768 [INFO] django.utils.autoreload - Watching for file changes with StatReloader
2025-09-10 11:31:01,721 [INFO] django.utils.autoreload - C:\Users\lenovo\Desktop\Coderize\Chhaya_Project\Chhayya_Backend\Mainapp\matching_apis\match_missing_with_unidentified_body.py changed, reloading.
2025-09-10 11:31:02,774 [INFO] django.utils.autoreload - Watching for file changes with StatReloader
2025-09-10 11:31:37,236 [INFO] django.utils.autoreload - C:\Users\lenovo\Desktop\Coderize\Chhaya_Project\Chhayya_Backend\Mainapp\matching_apis\match_missing_with_unidentified_body.py changed, reloading.
2025-09-10 11:31:38,346 [INFO] django.utils.autoreload - Watching for file changes with StatReloader
2025-09-10 11:32:42,454 [INFO] django.utils.autoreload - C:\Users\lenovo\Desktop\Coderize\Chhaya_Project\Chhayya_Backend\Mainapp\matching_apis\match_missing_with_unidentified_body.py changed, reloading.
2025-09-10 11:32:43,540 [INFO] django.utils.autoreload - Watching for file changes with StatReloader
2025-09-10 11:34:02,420 [INFO] django.utils.autoreload - C:\Users\lenovo\Desktop\Coderize\Chhaya_Project\Chhayya_Backend\Mainapp\matching_apis\match_missing_with_unidentified_body.py changed, reloading.
2025-09-10 11:34:03,487 [INFO] django.utils.autoreload - Watching for file changes with StatReloader
2025-09-10 11:34:30,871 [INFO] django.utils.autoreload - C:\Users\lenovo\Desktop\Coderize\Chhaya_Project\Chhayya_Backend\Mainapp\matching_apis\match_missing_with_unidentified_body.py changed, reloading.
2025-09-10 11:34:31,937 [INFO] django.utils.autoreload - Watching for file changes with StatReloader
2025-09-10 11:34:46,806 [INFO] django.utils.autoreload - C:\Users\lenovo\Desktop\Coderize\Chhaya_Project\Chhayya_Backend\Mainapp\matching_apis\match_missing_with_unidentified_body.py changed, reloading.
2025-09-10 11:34:47,882 [INFO] django.utils.autoreload - Watching for file changes with StatReloader
2025-09-10 11:35:15,852 [INFO] django.utils.autoreload - C:\Users\lenovo\Desktop\Coderize\Chhaya_Project\Chhayya_Backend\Mainapp\matching_apis\match_missing_with_unidentified_body.py changed, reloading.
2025-09-10 11:35:17,218 [INFO] django.utils.autoreload - Watching for file changes with StatReloader
2025-09-10 11:35:27,016 [INFO] django.utils.autoreload - C:\Users\lenovo\Desktop\Coderize\Chhaya_Project\Chhayya_Backend\Mainapp\matching_apis\match_missing_with_unidentified_body.py changed, reloading.
2025-09-10 11:35:28,188 [INFO] django.utils.autoreload - Watching for file changes with StatReloader
2025-09-10 11:35:35,885 [INFO] django.utils.autoreload - C:\Users\lenovo\Desktop\Coderize\Chhaya_Project\Chhayya_Backend\Mainapp\matching_apis\match_missing_with_unidentified_body.py changed, reloading.
2025-09-10 11:35:37,102 [INFO] django.utils.autoreload - Watching for file changes with StatReloader
2025-09-10 11:37:01,689 [INFO] django.utils.autoreload - C:\Users\lenovo\Desktop\Coderize\Chhaya_Project\Chhayya_Backend\Mainapp\matching_apis\match_missing_with_unidentified_body.py changed, reloading.
2025-09-10 11:37:02,896 [INFO] django.utils.autoreload - Watching for file changes with StatReloader
2025-09-10 11:42:15,388 [INFO] django.utils.autoreload - C:\Users\lenovo\Desktop\Coderize\Chhaya_Project\Chhayya_Backend\Mainapp\matching_apis\match_missing_with_unidentified_body.py changed, reloading.
2025-09-10 11:42:16,522 [INFO] django.utils.autoreload - Watching for file changes with StatReloader
2025-09-10 11:43:08,163 [INFO] django.utils.autoreload - C:\Users\lenovo\Desktop\Coderize\Chhaya_Project\Chhayya_Backend\Mainapp\matching_apis\match_missing_with_unidentified_body.py changed, reloading.
2025-09-10 11:43:09,431 [INFO] django.utils.autoreload - Watching for file changes with StatReloader
2025-09-10 11:43:23,835 [INFO] django.utils.autoreload - C:\Users\lenovo\Desktop\Coderize\Chhaya_Project\Chhayya_Backend\Mainapp\matching_apis\match_missing_with_unidentified_body.py changed, reloading.
2025-09-10 11:43:24,966 [INFO] django.utils.autoreload - Watching for file changes with StatReloader
2025-09-10 11:43:50,325 [INFO] django.utils.autoreload - C:\Users\lenovo\Desktop\Coderize\Chhaya_Project\Chhayya_Backend\Mainapp\matching_apis\match_missing_with_unidentified_body.py changed, reloading.
2025-09-10 11:43:51,443 [INFO] django.utils.autoreload - Watching for file changes with StatReloader
2025-09-10 11:47:11,957 [INFO] django.utils.autoreload - C:\Users\lenovo\Desktop\Coderize\Chhaya_Project\Chhayya_Backend\Mainapp\matching_apis\match_unidentified_body_with_mp.py changed, reloading.
2025-09-10 11:47:13,069 [INFO] django.utils.autoreload - Watching for file changes with StatReloader
2025-09-10 11:56:31,709 [INFO] django.utils.autoreload - C:\Users\lenovo\Desktop\Coderize\Chhaya_Project\Chhayya_Backend\Mainapp\matching_apis\match_unidentified_body_with_mp.py changed, reloading.
2025-09-10 11:56:33,273 [INFO] django.utils.autoreload - Watching for file changes with StatReloader
2025-09-10 11:56:42,244 [INFO] django.utils.autoreload - C:\Users\lenovo\Desktop\Coderize\Chhaya_Project\Chhayya_Backend\Mainapp\matching_apis\match_unidentified_body_with_mp.py changed, reloading.
2025-09-10 11:56:43,372 [INFO] django.utils.autoreload - Watching for file changes with StatReloader
2025-09-10 11:56:54,027 [INFO] django.utils.autoreload - C:\Users\lenovo\Desktop\Coderize\Chhaya_Project\Chhayya_Backend\Mainapp\matching_apis\match_unidentified_body_with_mp.py changed, reloading.
2025-09-10 11:56:55,152 [INFO] django.utils.autoreload - Watching for file changes with StatReloader
2025-09-10 11:57:08,953 [INFO] django.utils.autoreload - C:\Users\lenovo\Desktop\Coderize\Chhaya_Project\Chhayya_Backend\Mainapp\matching_apis\match_unidentified_body_with_mp.py changed, reloading.
2025-09-10 11:57:10,150 [INFO] django.utils.autoreload - Watching for file changes with StatReloader
2025-09-10 11:57:55,747 [INFO] django.utils.autoreload - C:\Users\lenovo\Desktop\Coderize\Chhaya_Project\Chhayya_Backend\Mainapp\matching_apis\match_unidentified_body_with_mp.py changed, reloading.
2025-09-10 11:57:56,831 [INFO] django.utils.autoreload - Watching for file changes with StatReloader
2025-09-10 11:58:06,359 [INFO] django.utils.autoreload - C:\Users\lenovo\Desktop\Coderize\Chhaya_Project\Chhayya_Backend\Mainapp\matching_apis\match_unidentified_body_with_mp.py changed, reloading.
2025-09-10 11:58:07,515 [INFO] django.utils.autoreload - Watching for file changes with StatReloader
2025-09-10 11:58:22,611 [INFO] django.utils.autoreload - C:\Users\lenovo\Desktop\Coderize\Chhaya_Project\Chhayya_Backend\Mainapp\matching_apis\match_unidentified_body_with_mp.py changed, reloading.
2025-09-10 11:58:23,790 [INFO] django.utils.autoreload - Watching for file changes with StatReloader
2025-09-10 11:58:35,505 [INFO] django.utils.autoreload - C:\Users\lenovo\Desktop\Coderize\Chhaya_Project\Chhayya_Backend\Mainapp\matching_apis\match_unidentified_body_with_mp.py changed, reloading.
2025-09-10 11:58:36,640 [INFO] django.utils.autoreload - Watching for file changes with StatReloader
2025-09-10 11:58:46,577 [INFO] django.utils.autoreload - C:\Users\lenovo\Desktop\Coderize\Chhaya_Project\Chhayya_Backend\Mainapp\matching_apis\match_unidentified_body_with_mp.py changed, reloading.
2025-09-10 11:58:47,632 [INFO] django.utils.autoreload - Watching for file changes with StatReloader
2025-09-10 11:59:01,543 [INFO] django.utils.autoreload - C:\Users\lenovo\Desktop\Coderize\Chhaya_Project\Chhayya_Backend\Mainapp\matching_apis\match_unidentified_body_with_mp.py changed, reloading.
2025-09-10 11:59:02,626 [INFO] django.utils.autoreload - Watching for file changes with StatReloader
2025-09-10 11:59:17,904 [INFO] django.utils.autoreload - C:\Users\lenovo\Desktop\Coderize\Chhaya_Project\Chhayya_Backend\Mainapp\matching_apis\match_unidentified_body_with_mp.py changed, reloading.
2025-09-10 11:59:19,108 [INFO] django.utils.autoreload - Watching for file changes with StatReloader
2025-09-10 11:59:51,764 [INFO] django.utils.autoreload - C:\Users\lenovo\Desktop\Coderize\Chhaya_Project\Chhayya_Backend\Mainapp\matching_apis\match_unidentified_body_with_mp.py changed, reloading.
2025-09-10 11:59:52,803 [INFO] django.utils.autoreload - Watching for file changes with StatReloader
2025-09-10 12:00:50,402 [INFO] django.utils.autoreload - C:\Users\lenovo\Desktop\Coderize\Chhaya_Project\Chhayya_Backend\Mainapp\matching_apis\match_unidentified_body_with_mp.py changed, reloading.
2025-09-10 12:00:51,605 [INFO] django.utils.autoreload - Watching for file changes with StatReloader
2025-09-10 12:02:06,021 [INFO] django.utils.autoreload - C:\Users\lenovo\Desktop\Coderize\Chhaya_Project\Chhayya_Backend\Mainapp\matching_apis\match_unidentified_body_with_mp.py changed, reloading.
2025-09-10 12:02:07,196 [INFO] django.utils.autoreload - Watching for file changes with StatReloader
2025-09-10 12:10:23,819 [INFO] django.utils.autoreload - C:\Users\lenovo\Desktop\Coderize\Chhaya_Project\Chhayya_Backend\Mainapp\matching_apis\match_unidentified_body_with_mp.py changed, reloading.
2025-09-10 12:10:25,827 [INFO] django.utils.autoreload - Watching for file changes with StatReloader
2025-09-10 12:10:43,469 [INFO] django.utils.autoreload - C:\Users\lenovo\Desktop\Coderize\Chhaya_Project\Chhayya_Backend\Mainapp\matching_apis\match_unidentified_body_with_mp.py changed, reloading.
2025-09-10 12:10:44,588 [INFO] django.utils.autoreload - Watching for file changes with StatReloader
2025-09-10 12:10:57,409 [INFO] django.utils.autoreload - C:\Users\lenovo\Desktop\Coderize\Chhaya_Project\Chhayya_Backend\Mainapp\matching_apis\match_unidentified_body_with_mp.py changed, reloading.
2025-09-10 12:10:58,493 [INFO] django.utils.autoreload - Watching for file changes with StatReloader
2025-09-10 12:11:39,424 [INFO] django.utils.autoreload - C:\Users\lenovo\Desktop\Coderize\Chhaya_Project\Chhayya_Backend\Mainapp\matching_apis\match_unidentified_body_with_mp.py changed, reloading.
2025-09-10 12:11:40,623 [INFO] django.utils.autoreload - Watching for file changes with StatReloader
2025-09-10 12:12:13,809 [INFO] django.utils.autoreload - C:\Users\lenovo\Desktop\Coderize\Chhaya_Project\Chhayya_Backend\Mainapp\matching_apis\match_unidentified_body_with_mp.py changed, reloading.
2025-09-10 12:12:15,009 [INFO] django.utils.autoreload - Watching for file changes with StatReloader
2025-09-10 12:13:02,833 [INFO] django.utils.autoreload - C:\Users\lenovo\Desktop\Coderize\Chhaya_Project\Chhayya_Backend\Mainapp\matching_apis\match_unidentified_body_with_mp.py changed, reloading.
2025-09-10 12:13:03,967 [INFO] django.utils.autoreload - Watching for file changes with StatReloader
2025-09-10 12:13:23,289 [INFO] django.utils.autoreload - C:\Users\lenovo\Desktop\Coderize\Chhaya_Project\Chhayya_Backend\Mainapp\matching_apis\match_unidentified_body_with_mp.py changed, reloading.
2025-09-10 12:13:24,913 [INFO] django.utils.autoreload - Watching for file changes with StatReloader
2025-09-10 12:13:56,192 [INFO] django.utils.autoreload - C:\Users\lenovo\Desktop\Coderize\Chhaya_Project\Chhayya_Backend\Mainapp\matching_apis\match_unidentified_body_with_mp.py changed, reloading.
2025-09-10 12:13:57,422 [INFO] django.utils.autoreload - Watching for file changes with StatReloader
2025-09-10 12:14:06,994 [INFO] django.utils.autoreload - C:\Users\lenovo\Desktop\Coderize\Chhaya_Project\Chhayya_Backend\Mainapp\matching_apis\match_unidentified_body_with_mp.py changed, reloading.
2025-09-10 12:14:08,068 [INFO] django.utils.autoreload - Watching for file changes with StatReloader
2025-09-10 12:15:04,860 [INFO] django.utils.autoreload - C:\Users\lenovo\Desktop\Coderize\Chhaya_Project\Chhayya_Backend\Mainapp\matching_apis\match_unidentified_body_with_mp.py changed, reloading.
2025-09-10 12:15:05,897 [INFO] django.utils.autoreload - Watching for file changes with StatReloader
2025-09-10 12:15:15,809 [INFO] django.utils.autoreload - C:\Users\lenovo\Desktop\Coderize\Chhaya_Project\Chhayya_Backend\Mainapp\matching_apis\match_unidentified_body_with_mp.py changed, reloading.
2025-09-10 12:15:16,993 [INFO] django.utils.autoreload - Watching for file changes with StatReloader
2025-09-10 12:15:26,588 [INFO] django.utils.autoreload - C:\Users\lenovo\Desktop\Coderize\Chhaya_Project\Chhayya_Backend\Mainapp\matching_apis\match_unidentified_body_with_mp.py changed, reloading.
2025-09-10 12:15:27,724 [INFO] django.utils.autoreload - Watching for file changes with StatReloader
2025-09-10 12:15:39,879 [INFO] django.utils.autoreload - C:\Users\lenovo\Desktop\Coderize\Chhaya_Project\Chhayya_Backend\Mainapp\matching_apis\match_unidentified_body_with_mp.py changed, reloading.
2025-09-10 12:15:40,981 [INFO] django.utils.autoreload - Watching for file changes with StatReloader
2025-09-10 12:15:53,795 [INFO] django.utils.autoreload - C:\Users\lenovo\Desktop\Coderize\Chhaya_Project\Chhayya_Backend\Mainapp\matching_apis\match_unidentified_body_with_mp.py changed, reloading.
2025-09-10 12:15:54,933 [INFO] django.utils.autoreload - Watching for file changes with StatReloader
2025-09-10 12:15:58,507 [INFO] django.utils.autoreload - C:\Users\lenovo\Desktop\Coderize\Chhaya_Project\Chhayya_Backend\Mainapp\matching_apis\match_unidentified_body_with_mp.py changed, reloading.
2025-09-10 12:15:59,793 [INFO] django.utils.autoreload - Watching for file changes with StatReloader
2025-09-10 12:17:30,157 [INFO] django.utils.autoreload - C:\Users\lenovo\Desktop\Coderize\Chhaya_Project\Chhayya_Backend\Mainapp\matching_apis\match_unidentified_body_with_mp.py changed, reloading.
2025-09-10 12:17:31,364 [INFO] django.utils.autoreload - Watching for file changes with StatReloader
2025-09-10 12:17:48,736 [INFO] django.utils.autoreload - C:\Users\lenovo\Desktop\Coderize\Chhaya_Project\Chhayya_Backend\Mainapp\matching_apis\match_unidentified_body_with_mp.py changed, reloading.
2025-09-10 12:17:50,520 [INFO] django.utils.autoreload - Watching for file changes with StatReloader
2025-09-10 12:18:29,054 [INFO] django.utils.autoreload - C:\Users\lenovo\Desktop\Coderize\Chhaya_Project\Chhayya_Backend\Mainapp\matching_apis\match_unidentified_body_with_mp.py changed, reloading.
2025-09-10 12:18:30,126 [INFO] django.utils.autoreload - Watching for file changes with StatReloader
2025-09-10 12:18:45,194 [INFO] django.utils.autoreload - C:\Users\lenovo\Desktop\Coderize\Chhaya_Project\Chhayya_Backend\Mainapp\matching_apis\match_unidentified_body_with_mp.py changed, reloading.
2025-09-10 12:18:46,308 [INFO] django.utils.autoreload - Watching for file changes with StatReloader
2025-09-10 12:23:07,203 [INFO] django.utils.autoreload - C:\Users\lenovo\Desktop\Coderize\Chhaya_Project\Chhayya_Backend\Mainapp\matching_apis\match_unidentified_body_with_mp.py changed, reloading.
2025-09-10 12:23:08,365 [INFO] django.utils.autoreload - Watching for file changes with StatReloader
2025-09-10 12:23:23,528 [INFO] django.utils.autoreload - C:\Users\lenovo\Desktop\Coderize\Chhaya_Project\Chhayya_Backend\Mainapp\matching_apis\match_unidentified_body_with_mp.py changed, reloading.
2025-09-10 12:23:24,683 [INFO] django.utils.autoreload - Watching for file changes with StatReloader
2025-09-10 12:23:38,551 [INFO] django.utils.autoreload - C:\Users\lenovo\Desktop\Coderize\Chhaya_Project\Chhayya_Backend\Mainapp\matching_apis\match_unidentified_body_with_mp.py changed, reloading.
2025-09-10 12:23:39,750 [INFO] django.utils.autoreload - Watching for file changes with StatReloader
2025-09-10 12:23:52,846 [INFO] django.utils.autoreload - C:\Users\lenovo\Desktop\Coderize\Chhaya_Project\Chhayya_Backend\Mainapp\matching_apis\match_unidentified_body_with_mp.py changed, reloading.
2025-09-10 12:23:54,011 [INFO] django.utils.autoreload - Watching for file changes with StatReloader
2025-09-10 12:24:04,841 [INFO] django.utils.autoreload - C:\Users\lenovo\Desktop\Coderize\Chhaya_Project\Chhayya_Backend\Mainapp\matching_apis\match_unidentified_body_with_mp.py changed, reloading.
2025-09-10 12:24:05,880 [INFO] django.utils.autoreload - Watching for file changes with StatReloader
2025-09-10 12:25:23,148 [INFO] django.utils.autoreload - C:\Users\lenovo\Desktop\Coderize\Chhaya_Project\Chhayya_Backend\Mainapp\matching_apis\match_unidentified_body_with_mp.py changed, reloading.
2025-09-10 12:25:24,259 [INFO] django.utils.autoreload - Watching for file changes with StatReloader
2025-09-10 12:25:42,488 [INFO] django.utils.autoreload - C:\Users\lenovo\Desktop\Coderize\Chhaya_Project\Chhayya_Backend\Mainapp\matching_apis\match_unidentified_body_with_mp.py changed, reloading.
2025-09-10 12:25:43,548 [INFO] django.utils.autoreload - Watching for file changes with StatReloader
2025-09-10 12:26:40,190 [INFO] django.utils.autoreload - C:\Users\lenovo\Desktop\Coderize\Chhaya_Project\Chhayya_Backend\Mainapp\matching_apis\match_unidentified_body_with_mp.py changed, reloading.
2025-09-10 12:26:41,414 [INFO] django.utils.autoreload - Watching for file changes with StatReloader
2025-09-10 12:26:54,614 [INFO] django.utils.autoreload - C:\Users\lenovo\Desktop\Coderize\Chhaya_Project\Chhayya_Backend\Mainapp\matching_apis\match_unidentified_body_with_mp.py changed, reloading.
2025-09-10 12:26:55,669 [INFO] django.utils.autoreload - Watching for file changes with StatReloader
2025-09-10 12:27:03,249 [INFO] django.utils.autoreload - C:\Users\lenovo\Desktop\Coderize\Chhaya_Project\Chhayya_Backend\Mainapp\matching_apis\match_unidentified_body_with_mp.py changed, reloading.
2025-09-10 12:27:04,330 [INFO] django.utils.autoreload - Watching for file changes with StatReloader
2025-09-10 12:27:12,993 [INFO] django.utils.autoreload - C:\Users\lenovo\Desktop\Coderize\Chhaya_Project\Chhayya_Backend\Mainapp\matching_apis\match_unidentified_body_with_mp.py changed, reloading.
2025-09-10 12:27:14,156 [INFO] django.utils.autoreload - Watching for file changes with StatReloader
2025-09-10 12:27:26,928 [INFO] django.utils.autoreload - C:\Users\lenovo\Desktop\Coderize\Chhaya_Project\Chhayya_Backend\Mainapp\matching_apis\match_unidentified_body_with_mp.py changed, reloading.
2025-09-10 12:27:28,151 [INFO] django.utils.autoreload - Watching for file changes with StatReloader
2025-09-10 12:27:39,831 [INFO] django.utils.autoreload - C:\Users\lenovo\Desktop\Coderize\Chhaya_Project\Chhayya_Backend\Mainapp\matching_apis\match_unidentified_body_with_mp.py changed, reloading.
2025-09-10 12:27:40,884 [INFO] django.utils.autoreload - Watching for file changes with StatReloader
2025-09-10 12:27:50,443 [INFO] django.utils.autoreload - C:\Users\lenovo\Desktop\Coderize\Chhaya_Project\Chhayya_Backend\Mainapp\matching_apis\match_unidentified_body_with_mp.py changed, reloading.
2025-09-10 12:27:51,511 [INFO] django.utils.autoreload - Watching for file changes with StatReloader
2025-09-10 12:28:00,053 [INFO] django.utils.autoreload - C:\Users\lenovo\Desktop\Coderize\Chhaya_Project\Chhayya_Backend\Mainapp\matching_apis\match_unidentified_body_with_mp.py changed, reloading.
2025-09-10 12:28:01,275 [INFO] django.utils.autoreload - Watching for file changes with StatReloader
2025-09-10 12:28:12,098 [INFO] django.utils.autoreload - C:\Users\lenovo\Desktop\Coderize\Chhaya_Project\Chhayya_Backend\Mainapp\matching_apis\match_unidentified_body_with_mp.py changed, reloading.
2025-09-10 12:28:13,177 [INFO] django.utils.autoreload - Watching for file changes with StatReloader
2025-09-10 12:28:27,656 [INFO] django.utils.autoreload - C:\Users\lenovo\Desktop\Coderize\Chhaya_Project\Chhayya_Backend\Mainapp\matching_apis\match_unidentified_body_with_mp.py changed, reloading.
2025-09-10 12:28:28,861 [INFO] django.utils.autoreload - Watching for file changes with StatReloader
2025-09-10 12:28:50,386 [INFO] django.utils.autoreload - C:\Users\lenovo\Desktop\Coderize\Chhaya_Project\Chhayya_Backend\Mainapp\matching_apis\match_unidentified_body_with_mp.py changed, reloading.
2025-09-10 12:28:51,684 [INFO] django.utils.autoreload - Watching for file changes with StatReloader
2025-09-10 12:29:01,291 [INFO] django.utils.autoreload - C:\Users\lenovo\Desktop\Coderize\Chhaya_Project\Chhayya_Backend\Mainapp\matching_apis\match_unidentified_body_with_mp.py changed, reloading.
2025-09-10 12:29:02,391 [INFO] django.utils.autoreload - Watching for file changes with StatReloader
2025-09-10 12:29:10,808 [INFO] django.utils.autoreload - C:\Users\lenovo\Desktop\Coderize\Chhaya_Project\Chhayya_Backend\Mainapp\matching_apis\match_unidentified_body_with_mp.py changed, reloading.
2025-09-10 12:29:12,062 [INFO] django.utils.autoreload - Watching for file changes with StatReloader
2025-09-10 12:29:24,077 [INFO] django.utils.autoreload - C:\Users\lenovo\Desktop\Coderize\Chhaya_Project\Chhayya_Backend\Mainapp\matching_apis\match_unidentified_body_with_mp.py changed, reloading.
2025-09-10 12:29:25,334 [INFO] django.utils.autoreload - Watching for file changes with StatReloader
2025-09-10 12:29:55,382 [INFO] django.utils.autoreload - C:\Users\lenovo\Desktop\Coderize\Chhaya_Project\Chhayya_Backend\Mainapp\matching_apis\match_unidentified_body_with_mp.py changed, reloading.
2025-09-10 12:29:56,486 [INFO] django.utils.autoreload - Watching for file changes with StatReloader
2025-09-10 12:30:09,419 [INFO] django.utils.autoreload - C:\Users\lenovo\Desktop\Coderize\Chhaya_Project\Chhayya_Backend\Mainapp\matching_apis\match_unidentified_body_with_mp.py changed, reloading.
2025-09-10 12:30:10,618 [INFO] django.utils.autoreload - Watching for file changes with StatReloader
2025-09-10 12:30:19,587 [INFO] django.utils.autoreload - C:\Users\lenovo\Desktop\Coderize\Chhaya_Project\Chhayya_Backend\Mainapp\matching_apis\match_unidentified_body_with_mp.py changed, reloading.
2025-09-10 12:30:20,758 [INFO] django.utils.autoreload - Watching for file changes with StatReloader
2025-09-10 12:31:02,680 [INFO] django.utils.autoreload - C:\Users\lenovo\Desktop\Coderize\Chhaya_Project\Chhayya_Backend\Mainapp\matching_apis\match_unidentified_body_with_mp.py changed, reloading.
2025-09-10 12:31:03,733 [INFO] django.utils.autoreload - Watching for file changes with StatReloader
2025-09-10 12:38:00,887 [INFO] django.utils.autoreload - C:\Users\lenovo\Desktop\Coderize\Chhaya_Project\Chhayya_Backend\Mainapp\matching_apis\match_unidentified_person_with_mp.py changed, reloading.
2025-09-10 12:38:01,948 [INFO] django.utils.autoreload - Watching for file changes with StatReloader
2025-09-10 12:38:19,351 [INFO] django.utils.autoreload - C:\Users\lenovo\Desktop\Coderize\Chhaya_Project\Chhayya_Backend\Mainapp\matching_apis\match_unidentified_person_with_mp.py changed, reloading.
2025-09-10 12:38:20,508 [INFO] django.utils.autoreload - Watching for file changes with StatReloader
2025-09-10 12:38:30,101 [INFO] django.utils.autoreload - C:\Users\lenovo\Desktop\Coderize\Chhaya_Project\Chhayya_Backend\Mainapp\matching_apis\match_unidentified_person_with_mp.py changed, reloading.
2025-09-10 12:38:31,182 [INFO] django.utils.autoreload - Watching for file changes with StatReloader
2025-09-10 12:38:41,034 [INFO] django.utils.autoreload - C:\Users\lenovo\Desktop\Coderize\Chhaya_Project\Chhayya_Backend\Mainapp\matching_apis\match_unidentified_person_with_mp.py changed, reloading.
2025-09-10 12:38:42,109 [INFO] django.utils.autoreload - Watching for file changes with StatReloader
2025-09-10 12:38:50,717 [INFO] django.utils.autoreload - C:\Users\lenovo\Desktop\Coderize\Chhaya_Project\Chhayya_Backend\Mainapp\matching_apis\match_unidentified_person_with_mp.py changed, reloading.
2025-09-10 12:38:51,882 [INFO] django.utils.autoreload - Watching for file changes with StatReloader
2025-09-10 12:39:00,533 [INFO] django.utils.autoreload - C:\Users\lenovo\Desktop\Coderize\Chhaya_Project\Chhayya_Backend\Mainapp\matching_apis\match_unidentified_person_with_mp.py changed, reloading.
2025-09-10 12:39:01,603 [INFO] django.utils.autoreload - Watching for file changes with StatReloader
2025-09-10 12:40:12,131 [INFO] django.utils.autoreload - C:\Users\lenovo\Desktop\Coderize\Chhaya_Project\Chhayya_Backend\Mainapp\matching_apis\match_unidentified_person_with_mp.py changed, reloading.
2025-09-10 12:40:13,303 [INFO] django.utils.autoreload - Watching for file changes with StatReloader
2025-09-10 12:40:23,974 [INFO] django.utils.autoreload - C:\Users\lenovo\Desktop\Coderize\Chhaya_Project\Chhayya_Backend\Mainapp\matching_apis\match_unidentified_person_with_mp.py changed, reloading.
2025-09-10 12:40:25,059 [INFO] django.utils.autoreload - Watching for file changes with StatReloader
2025-09-10 12:41:45,228 [INFO] django.utils.autoreload - C:\Users\lenovo\Desktop\Coderize\Chhaya_Project\Chhayya_Backend\Mainapp\matching_apis\match_unidentified_person_with_mp.py changed, reloading.
2025-09-10 12:41:46,421 [INFO] django.utils.autoreload - Watching for file changes with StatReloader
2025-09-10 12:41:58,572 [INFO] django.utils.autoreload - C:\Users\lenovo\Desktop\Coderize\Chhaya_Project\Chhayya_Backend\Mainapp\matching_apis\match_unidentified_person_with_mp.py changed, reloading.
2025-09-10 12:41:59,736 [INFO] django.utils.autoreload - Watching for file changes with StatReloader
2025-09-10 12:42:07,252 [INFO] django.utils.autoreload - C:\Users\lenovo\Desktop\Coderize\Chhaya_Project\Chhayya_Backend\Mainapp\matching_apis\match_unidentified_person_with_mp.py changed, reloading.
2025-09-10 12:42:08,700 [INFO] django.utils.autoreload - Watching for file changes with StatReloader
2025-09-10 12:42:18,539 [INFO] django.utils.autoreload - C:\Users\lenovo\Desktop\Coderize\Chhaya_Project\Chhayya_Backend\Mainapp\matching_apis\match_unidentified_person_with_mp.py changed, reloading.
2025-09-10 12:42:19,723 [INFO] django.utils.autoreload - Watching for file changes with StatReloader
2025-09-10 12:42:29,532 [INFO] django.utils.autoreload - C:\Users\lenovo\Desktop\Coderize\Chhaya_Project\Chhayya_Backend\Mainapp\matching_apis\match_unidentified_person_with_mp.py changed, reloading.
2025-09-10 12:42:30,571 [INFO] django.utils.autoreload - Watching for file changes with StatReloader
2025-09-10 12:42:40,182 [INFO] django.utils.autoreload - C:\Users\lenovo\Desktop\Coderize\Chhaya_Project\Chhayya_Backend\Mainapp\matching_apis\match_unidentified_person_with_mp.py changed, reloading.
2025-09-10 12:42:41,225 [INFO] django.utils.autoreload - Watching for file changes with StatReloader
2025-09-10 12:43:06,244 [INFO] django.utils.autoreload - C:\Users\lenovo\Desktop\Coderize\Chhaya_Project\Chhayya_Backend\Mainapp\matching_apis\match_unidentified_person_with_mp.py changed, reloading.
2025-09-10 12:43:07,444 [INFO] django.utils.autoreload - Watching for file changes with StatReloader
2025-09-10 12:43:21,468 [INFO] django.utils.autoreload - C:\Users\lenovo\Desktop\Coderize\Chhaya_Project\Chhayya_Backend\Mainapp\matching_apis\match_unidentified_person_with_mp.py changed, reloading.
2025-09-10 12:43:22,838 [INFO] django.utils.autoreload - Watching for file changes with StatReloader
2025-09-10 12:43:32,363 [INFO] django.utils.autoreload - C:\Users\lenovo\Desktop\Coderize\Chhaya_Project\Chhayya_Backend\Mainapp\matching_apis\match_unidentified_person_with_mp.py changed, reloading.
2025-09-10 12:43:33,524 [INFO] django.utils.autoreload - Watching for file changes with StatReloader
2025-09-10 12:43:43,162 [INFO] django.utils.autoreload - C:\Users\lenovo\Desktop\Coderize\Chhaya_Project\Chhayya_Backend\Mainapp\matching_apis\match_unidentified_person_with_mp.py changed, reloading.
2025-09-10 12:43:44,272 [INFO] django.utils.autoreload - Watching for file changes with StatReloader
2025-09-10 12:43:52,853 [INFO] django.utils.autoreload - C:\Users\lenovo\Desktop\Coderize\Chhaya_Project\Chhayya_Backend\Mainapp\matching_apis\match_unidentified_person_with_mp.py changed, reloading.
2025-09-10 12:43:53,938 [INFO] django.utils.autoreload - Watching for file changes with StatReloader
2025-09-10 12:44:06,977 [INFO] django.utils.autoreload - C:\Users\lenovo\Desktop\Coderize\Chhaya_Project\Chhayya_Backend\Mainapp\matching_apis\match_unidentified_person_with_mp.py changed, reloading.
2025-09-10 12:44:08,241 [INFO] django.utils.autoreload - Watching for file changes with StatReloader
2025-09-10 12:44:25,625 [INFO] django.utils.autoreload - C:\Users\lenovo\Desktop\Coderize\Chhaya_Project\Chhayya_Backend\Mainapp\matching_apis\match_unidentified_person_with_mp.py changed, reloading.
2025-09-10 12:44:26,864 [INFO] django.utils.autoreload - Watching for file changes with StatReloader
2025-09-10 12:44:37,607 [INFO] django.utils.autoreload - C:\Users\lenovo\Desktop\Coderize\Chhaya_Project\Chhayya_Backend\Mainapp\matching_apis\match_unidentified_person_with_mp.py changed, reloading.
2025-09-10 12:44:38,712 [INFO] django.utils.autoreload - Watching for file changes with StatReloader
2025-09-10 12:44:47,193 [INFO] django.utils.autoreload - C:\Users\lenovo\Desktop\Coderize\Chhaya_Project\Chhayya_Backend\Mainapp\matching_apis\match_unidentified_person_with_mp.py changed, reloading.
2025-09-10 12:44:48,338 [INFO] django.utils.autoreload - Watching for file changes with StatReloader
2025-09-10 12:45:00,103 [INFO] django.utils.autoreload - C:\Users\lenovo\Desktop\Coderize\Chhaya_Project\Chhayya_Backend\Mainapp\matching_apis\match_unidentified_person_with_mp.py changed, reloading.
2025-09-10 12:45:01,305 [INFO] django.utils.autoreload - Watching for file changes with StatReloader
2025-09-10 12:46:20,597 [INFO] django.utils.autoreload - C:\Users\lenovo\Desktop\Coderize\Chhaya_Project\Chhayya_Backend\Mainapp\matching_apis\match_unidentified_person_with_mp.py changed, reloading.
2025-09-10 12:46:21,670 [INFO] django.utils.autoreload - Watching for file changes with StatReloader
2025-09-10 12:46:30,441 [INFO] django.utils.autoreload - C:\Users\lenovo\Desktop\Coderize\Chhaya_Project\Chhayya_Backend\Mainapp\matching_apis\match_unidentified_person_with_mp.py changed, reloading.
2025-09-10 12:46:31,601 [INFO] django.utils.autoreload - Watching for file changes with StatReloader
2025-09-10 12:46:39,067 [INFO] django.utils.autoreload - C:\Users\lenovo\Desktop\Coderize\Chhaya_Project\Chhayya_Backend\Mainapp\matching_apis\match_unidentified_person_with_mp.py changed, reloading.
2025-09-10 12:46:40,203 [INFO] django.utils.autoreload - Watching for file changes with StatReloader
2025-09-10 12:46:49,817 [INFO] django.utils.autoreload - C:\Users\lenovo\Desktop\Coderize\Chhaya_Project\Chhayya_Backend\Mainapp\matching_apis\match_unidentified_person_with_mp.py changed, reloading.
2025-09-10 12:46:51,041 [INFO] django.utils.autoreload - Watching for file changes with StatReloader
2025-09-10 12:46:58,487 [INFO] django.utils.autoreload - C:\Users\lenovo\Desktop\Coderize\Chhaya_Project\Chhayya_Backend\Mainapp\matching_apis\match_unidentified_person_with_mp.py changed, reloading.
2025-09-10 12:46:59,560 [INFO] django.utils.autoreload - Watching for file changes with StatReloader
2025-09-10 12:47:11,488 [INFO] django.utils.autoreload - C:\Users\lenovo\Desktop\Coderize\Chhaya_Project\Chhayya_Backend\Mainapp\matching_apis\match_unidentified_person_with_mp.py changed, reloading.
2025-09-10 12:47:12,562 [INFO] django.utils.autoreload - Watching for file changes with StatReloader
2025-09-10 12:48:48,596 [INFO] django.utils.autoreload - C:\Users\lenovo\Desktop\Coderize\Chhaya_Project\Chhayya_Backend\Mainapp\matching_apis\match_unidentified_person_with_mp.py changed, reloading.
2025-09-10 12:48:49,704 [INFO] django.utils.autoreload - Watching for file changes with StatReloader
2025-09-10 12:49:01,768 [INFO] django.utils.autoreload - C:\Users\lenovo\Desktop\Coderize\Chhaya_Project\Chhayya_Backend\Mainapp\matching_apis\match_unidentified_person_with_mp.py changed, reloading.
2025-09-10 12:49:03,012 [INFO] django.utils.autoreload - Watching for file changes with StatReloader
2025-09-10 12:49:10,570 [INFO] django.utils.autoreload - C:\Users\lenovo\Desktop\Coderize\Chhaya_Project\Chhayya_Backend\Mainapp\matching_apis\match_unidentified_person_with_mp.py changed, reloading.
2025-09-10 12:49:11,701 [INFO] django.utils.autoreload - Watching for file changes with StatReloader
2025-09-10 12:49:26,575 [INFO] django.utils.autoreload - C:\Users\lenovo\Desktop\Coderize\Chhaya_Project\Chhayya_Backend\Mainapp\matching_apis\match_unidentified_person_with_mp.py changed, reloading.
2025-09-10 12:49:27,985 [INFO] django.utils.autoreload - Watching for file changes with StatReloader
2025-09-10 12:49:39,736 [INFO] django.utils.autoreload - C:\Users\lenovo\Desktop\Coderize\Chhaya_Project\Chhayya_Backend\Mainapp\matching_apis\match_unidentified_person_with_mp.py changed, reloading.
2025-09-10 12:49:40,804 [INFO] django.utils.autoreload - Watching for file changes with StatReloader
2025-09-10 12:49:48,411 [INFO] django.utils.autoreload - C:\Users\lenovo\Desktop\Coderize\Chhaya_Project\Chhayya_Backend\Mainapp\matching_apis\match_unidentified_person_with_mp.py changed, reloading.
2025-09-10 12:49:49,574 [INFO] django.utils.autoreload - Watching for file changes with StatReloader
2025-09-10 12:49:57,070 [INFO] django.utils.autoreload - C:\Users\lenovo\Desktop\Coderize\Chhaya_Project\Chhayya_Backend\Mainapp\matching_apis\match_unidentified_person_with_mp.py changed, reloading.
2025-09-10 12:49:58,236 [INFO] django.utils.autoreload - Watching for file changes with StatReloader
2025-09-10 12:50:08,238 [INFO] django.utils.autoreload - C:\Users\lenovo\Desktop\Coderize\Chhaya_Project\Chhayya_Backend\Mainapp\matching_apis\match_unidentified_person_with_mp.py changed, reloading.
2025-09-10 12:50:09,408 [INFO] django.utils.autoreload - Watching for file changes with StatReloader
2025-09-10 12:50:17,942 [INFO] django.utils.autoreload - C:\Users\lenovo\Desktop\Coderize\Chhaya_Project\Chhayya_Backend\Mainapp\matching_apis\match_unidentified_person_with_mp.py changed, reloading.
2025-09-10 12:50:19,024 [INFO] django.utils.autoreload - Watching for file changes with StatReloader
2025-09-10 12:50:33,275 [INFO] django.utils.autoreload - C:\Users\lenovo\Desktop\Coderize\Chhaya_Project\Chhayya_Backend\Mainapp\matching_apis\match_unidentified_person_with_mp.py changed, reloading.
2025-09-10 12:50:34,528 [INFO] django.utils.autoreload - Watching for file changes with StatReloader
2025-09-10 12:50:45,115 [INFO] django.utils.autoreload - C:\Users\lenovo\Desktop\Coderize\Chhaya_Project\Chhayya_Backend\Mainapp\matching_apis\match_unidentified_person_with_mp.py changed, reloading.
2025-09-10 12:50:46,312 [INFO] django.utils.autoreload - Watching for file changes with StatReloader
2025-09-10 12:50:55,134 [INFO] django.utils.autoreload - C:\Users\lenovo\Desktop\Coderize\Chhaya_Project\Chhayya_Backend\Mainapp\matching_apis\match_unidentified_person_with_mp.py changed, reloading.
2025-09-10 12:50:56,351 [INFO] django.utils.autoreload - Watching for file changes with StatReloader
2025-09-10 12:51:05,941 [INFO] django.utils.autoreload - C:\Users\lenovo\Desktop\Coderize\Chhaya_Project\Chhayya_Backend\Mainapp\matching_apis\match_unidentified_person_with_mp.py changed, reloading.
2025-09-10 12:51:07,030 [INFO] django.utils.autoreload - Watching for file changes with StatReloader
2025-09-10 12:51:15,674 [INFO] django.utils.autoreload - C:\Users\lenovo\Desktop\Coderize\Chhaya_Project\Chhayya_Backend\Mainapp\matching_apis\match_unidentified_person_with_mp.py changed, reloading.
2025-09-10 12:51:16,821 [INFO] django.utils.autoreload - Watching for file changes with StatReloader
2025-09-10 12:51:29,715 [INFO] django.utils.autoreload - C:\Users\lenovo\Desktop\Coderize\Chhaya_Project\Chhayya_Backend\Mainapp\matching_apis\match_unidentified_person_with_mp.py changed, reloading.
2025-09-10 12:51:30,788 [INFO] django.utils.autoreload - Watching for file changes with StatReloader
2025-09-10 12:51:39,504 [INFO] django.utils.autoreload - C:\Users\lenovo\Desktop\Coderize\Chhaya_Project\Chhayya_Backend\Mainapp\matching_apis\match_unidentified_person_with_mp.py changed, reloading.
2025-09-10 12:51:40,774 [INFO] django.utils.autoreload - Watching for file changes with StatReloader
2025-09-10 12:51:48,802 [INFO] django.utils.autoreload - C:\Users\lenovo\Desktop\Coderize\Chhaya_Project\Chhayya_Backend\Mainapp\matching_apis\match_unidentified_person_with_mp.py changed, reloading.
2025-09-10 12:51:49,934 [INFO] django.utils.autoreload - Watching for file changes with StatReloader
2025-09-10 12:51:58,628 [INFO] django.utils.autoreload - C:\Users\lenovo\Desktop\Coderize\Chhaya_Project\Chhayya_Backend\Mainapp\matching_apis\match_unidentified_person_with_mp.py changed, reloading.
2025-09-10 12:51:59,719 [INFO] django.utils.autoreload - Watching for file changes with StatReloader
2025-09-10 12:52:06,188 [INFO] django.utils.autoreload - C:\Users\lenovo\Desktop\Coderize\Chhaya_Project\Chhayya_Backend\Mainapp\matching_apis\match_unidentified_person_with_mp.py changed, reloading.
2025-09-10 12:52:07,390 [INFO] django.utils.autoreload - Watching for file changes with StatReloader
2025-09-10 12:52:15,904 [INFO] django.utils.autoreload - C:\Users\lenovo\Desktop\Coderize\Chhaya_Project\Chhayya_Backend\Mainapp\matching_apis\match_unidentified_person_with_mp.py changed, reloading.
2025-09-10 12:52:17,105 [INFO] django.utils.autoreload - Watching for file changes with StatReloader
2025-09-10 12:52:29,951 [INFO] django.utils.autoreload - C:\Users\lenovo\Desktop\Coderize\Chhaya_Project\Chhayya_Backend\Mainapp\matching_apis\match_unidentified_person_with_mp.py changed, reloading.
2025-09-10 12:52:30,989 [INFO] django.utils.autoreload - Watching for file changes with StatReloader
2025-09-10 12:52:38,358 [INFO] django.utils.autoreload - C:\Users\lenovo\Desktop\Coderize\Chhaya_Project\Chhayya_Backend\Mainapp\matching_apis\match_unidentified_person_with_mp.py changed, reloading.
2025-09-10 12:52:39,735 [INFO] django.utils.autoreload - Watching for file changes with StatReloader
2025-09-10 12:52:47,553 [INFO] django.utils.autoreload - C:\Users\lenovo\Desktop\Coderize\Chhaya_Project\Chhayya_Backend\Mainapp\matching_apis\match_unidentified_person_with_mp.py changed, reloading.
2025-09-10 12:52:48,608 [INFO] django.utils.autoreload - Watching for file changes with StatReloader
2025-09-10 12:52:58,165 [INFO] django.utils.autoreload - C:\Users\lenovo\Desktop\Coderize\Chhaya_Project\Chhayya_Backend\Mainapp\matching_apis\match_unidentified_person_with_mp.py changed, reloading.
2025-09-10 12:52:59,247 [INFO] django.utils.autoreload - Watching for file changes with StatReloader
2025-09-10 12:53:32,920 [INFO] django.utils.autoreload - C:\Users\lenovo\Desktop\Coderize\Chhaya_Project\Chhayya_Backend\Mainapp\matching_apis\match_unidentified_person_with_mp.py changed, reloading.
2025-09-10 12:53:34,098 [INFO] django.utils.autoreload - Watching for file changes with StatReloader
2025-09-10 12:53:43,760 [INFO] django.utils.autoreload - C:\Users\lenovo\Desktop\Coderize\Chhaya_Project\Chhayya_Backend\Mainapp\matching_apis\match_unidentified_person_with_mp.py changed, reloading.
2025-09-10 12:53:45,158 [INFO] django.utils.autoreload - Watching for file changes with StatReloader
2025-09-10 12:53:52,852 [INFO] django.utils.autoreload - C:\Users\lenovo\Desktop\Coderize\Chhaya_Project\Chhayya_Backend\Mainapp\matching_apis\match_unidentified_person_with_mp.py changed, reloading.
2025-09-10 12:53:54,095 [INFO] django.utils.autoreload - Watching for file changes with StatReloader
2025-09-10 12:54:02,618 [INFO] django.utils.autoreload - C:\Users\lenovo\Desktop\Coderize\Chhaya_Project\Chhayya_Backend\Mainapp\matching_apis\match_unidentified_person_with_mp.py changed, reloading.
2025-09-10 12:54:04,150 [INFO] django.utils.autoreload - Watching for file changes with StatReloader
2025-09-10 12:54:12,638 [INFO] django.utils.autoreload - C:\Users\lenovo\Desktop\Coderize\Chhaya_Project\Chhayya_Backend\Mainapp\matching_apis\match_unidentified_person_with_mp.py changed, reloading.
2025-09-10 12:54:13,795 [INFO] django.utils.autoreload - Watching for file changes with StatReloader
2025-09-10 12:59:24,612 [INFO] django.utils.autoreload - C:\Users\lenovo\Desktop\Coderize\Chhaya_Project\Chhayya_Backend\Mainapp\matching_apis\match_unidentified_person_with_mp.py changed, reloading.
2025-09-10 12:59:25,707 [INFO] django.utils.autoreload - Watching for file changes with StatReloader
2025-09-10 14:14:09,149 [INFO] django.utils.autoreload - C:\Users\lenovo\Desktop\Coderize\Chhaya_Project\Chhayya_Backend\Mainapp\Emails\case_approval.py changed, reloading.
2025-09-10 14:14:10,718 [INFO] django.utils.autoreload - Watching for file changes with StatReloader
2025-09-10 14:15:56,732 [INFO] django.utils.autoreload - C:\Users\lenovo\Desktop\Coderize\Chhaya_Project\Chhayya_Backend\Mainapp\Emails\case_approval.py changed, reloading.
2025-09-10 14:15:58,416 [INFO] django.utils.autoreload - Watching for file changes with StatReloader
2025-09-10 14:16:07,600 [INFO] django.utils.autoreload - C:\Users\lenovo\Desktop\Coderize\Chhaya_Project\Chhayya_Backend\Mainapp\Emails\case_approval.py changed, reloading.
2025-09-10 14:16:09,073 [INFO] django.utils.autoreload - Watching for file changes with StatReloader
2025-09-10 14:33:01,105 [INFO] django.utils.autoreload - C:\Users\lenovo\Desktop\Coderize\Chhaya_Project\Chhayya_Backend\Mainapp\Emails\case_hold.py changed, reloading.
2025-09-10 14:33:03,217 [INFO] django.utils.autoreload - Watching for file changes with StatReloader
2025-09-10 14:33:29,279 [INFO] django.utils.autoreload - C:\Users\lenovo\Desktop\Coderize\Chhaya_Project\Chhayya_Backend\Mainapp\Emails\case_hold.py changed, reloading.
2025-09-10 14:33:30,450 [INFO] django.utils.autoreload - Watching for file changes with StatReloader
2025-09-10 14:33:42,796 [INFO] django.utils.autoreload - C:\Users\lenovo\Desktop\Coderize\Chhaya_Project\Chhayya_Backend\Mainapp\Emails\case_hold.py changed, reloading.
2025-09-10 14:33:44,052 [INFO] django.utils.autoreload - Watching for file changes with StatReloader
2025-09-10 14:34:25,091 [INFO] django.utils.autoreload - C:\Users\lenovo\Desktop\Coderize\Chhaya_Project\Chhayya_Backend\Mainapp\Emails\case_hold.py changed, reloading.
2025-09-10 14:34:26,550 [INFO] django.utils.autoreload - Watching for file changes with StatReloader
2025-09-10 14:35:08,465 [INFO] django.utils.autoreload - C:\Users\lenovo\Desktop\Coderize\Chhaya_Project\Chhayya_Backend\Mainapp\Emails\case_pending.py changed, reloading.
2025-09-10 14:35:10,145 [INFO] django.utils.autoreload - Watching for file changes with StatReloader
2025-09-10 14:35:26,912 [INFO] django.utils.autoreload - C:\Users\lenovo\Desktop\Coderize\Chhaya_Project\Chhayya_Backend\Mainapp\Emails\case_pending.py changed, reloading.
2025-09-10 14:35:28,105 [INFO] django.utils.autoreload - Watching for file changes with StatReloader
2025-09-10 14:36:03,741 [INFO] django.utils.autoreload - C:\Users\lenovo\Desktop\Coderize\Chhaya_Project\Chhayya_Backend\Mainapp\Emails\case_pending.py changed, reloading.
2025-09-10 14:36:05,075 [INFO] django.utils.autoreload - Watching for file changes with StatReloader
2025-09-10 14:37:05,776 [INFO] django.utils.autoreload - C:\Users\lenovo\Desktop\Coderize\Chhaya_Project\Chhayya_Backend\Mainapp\Emails\case_pending.py changed, reloading.
2025-09-10 14:37:07,114 [INFO] django.utils.autoreload - Watching for file changes with StatReloader
2025-09-10 14:41:30,925 [INFO] django.utils.autoreload - C:\Users\lenovo\Desktop\Coderize\Chhaya_Project\Chhayya_Backend\Mainapp\Emails\Case_submit.py changed, reloading.
2025-09-10 14:41:32,493 [INFO] django.utils.autoreload - Watching for file changes with StatReloader
2025-09-10 14:41:46,956 [INFO] django.utils.autoreload - C:\Users\lenovo\Desktop\Coderize\Chhaya_Project\Chhayya_Backend\Mainapp\Emails\Case_submit.py changed, reloading.
2025-09-10 14:41:48,143 [INFO] django.utils.autoreload - Watching for file changes with StatReloader
2025-09-10 14:42:06,727 [INFO] django.utils.autoreload - C:\Users\lenovo\Desktop\Coderize\Chhaya_Project\Chhayya_Backend\Mainapp\Emails\Case_submit.py changed, reloading.
2025-09-10 14:42:07,945 [INFO] django.utils.autoreload - Watching for file changes with StatReloader
2025-09-10 14:43:47,902 [INFO] django.utils.autoreload - C:\Users\lenovo\Desktop\Coderize\Chhaya_Project\Chhayya_Backend\Mainapp\Emails\case_suspend.py changed, reloading.
2025-09-10 14:43:49,281 [INFO] django.utils.autoreload - Watching for file changes with StatReloader
2025-09-10 14:44:02,590 [INFO] django.utils.autoreload - C:\Users\lenovo\Desktop\Coderize\Chhaya_Project\Chhayya_Backend\Mainapp\Emails\case_suspend.py changed, reloading.
2025-09-10 14:44:03,755 [INFO] django.utils.autoreload - Watching for file changes with StatReloader
2025-09-10 14:45:13,915 [INFO] django.utils.autoreload - C:\Users\lenovo\Desktop\Coderize\Chhaya_Project\Chhayya_Backend\Mainapp\Emails\case_suspend.py changed, reloading.
2025-09-10 14:45:15,347 [INFO] django.utils.autoreload - Watching for file changes with StatReloader
2025-09-10 14:45:49,040 [INFO] django.utils.autoreload - C:\Users\lenovo\Desktop\Coderize\Chhaya_Project\Chhayya_Backend\Mainapp\Emails\case_suspend.py changed, reloading.
2025-09-10 14:45:50,254 [INFO] django.utils.autoreload - Watching for file changes with StatReloader
2025-09-10 14:50:33,654 [INFO] django.utils.autoreload - C:\Users\lenovo\Desktop\Coderize\Chhaya_Project\Chhayya_Backend\Mainapp\Emails\user_registration.py changed, reloading.
2025-09-10 14:50:35,200 [INFO] django.utils.autoreload - Watching for file changes with StatReloader
2025-09-10 14:50:48,170 [INFO] django.utils.autoreload - C:\Users\lenovo\Desktop\Coderize\Chhaya_Project\Chhayya_Backend\Mainapp\Emails\user_registration.py changed, reloading.
2025-09-10 14:50:49,442 [INFO] django.utils.autoreload - Watching for file changes with StatReloader
2025-09-10 14:51:12,268 [INFO] django.utils.autoreload - C:\Users\lenovo\Desktop\Coderize\Chhaya_Project\Chhayya_Backend\Mainapp\Emails\user_registration.py changed, reloading.
2025-09-10 14:51:13,511 [INFO] django.utils.autoreload - Watching for file changes with StatReloader
2025-09-10 14:51:25,456 [INFO] django.utils.autoreload - C:\Users\lenovo\Desktop\Coderize\Chhaya_Project\Chhayya_Backend\Mainapp\Emails\user_registration.py changed, reloading.
2025-09-10 14:51:26,750 [INFO] django.utils.autoreload - Watching for file changes with StatReloader
2025-09-10 14:52:03,234 [INFO] django.utils.autoreload - C:\Users\lenovo\Desktop\Coderize\Chhaya_Project\Chhayya_Backend\Mainapp\Emails\user_registration.py changed, reloading.
2025-09-10 14:52:04,567 [INFO] django.utils.autoreload - Watching for file changes with StatReloader
2025-09-10 14:58:40,044 [INFO] django.utils.autoreload - C:\Users\lenovo\Desktop\Coderize\Chhaya_Project\Chhayya_Backend\Mainapp\authentication\admin_user_management.py changed, reloading.
2025-09-10 14:58:42,098 [INFO] django.utils.autoreload - Watching for file changes with StatReloader
2025-09-10 14:58:54,291 [INFO] django.utils.autoreload - C:\Users\lenovo\Desktop\Coderize\Chhaya_Project\Chhayya_Backend\Mainapp\authentication\admin_user_management.py changed, reloading.
2025-09-10 14:58:55,581 [INFO] django.utils.autoreload - Watching for file changes with StatReloader
2025-09-10 14:59:19,672 [INFO] django.utils.autoreload - C:\Users\lenovo\Desktop\Coderize\Chhaya_Project\Chhayya_Backend\Mainapp\authentication\admin_user_management.py changed, reloading.
2025-09-10 14:59:20,848 [INFO] django.utils.autoreload - Watching for file changes with StatReloader
2025-09-10 14:59:31,831 [INFO] django.utils.autoreload - C:\Users\lenovo\Desktop\Coderize\Chhaya_Project\Chhayya_Backend\Mainapp\authentication\admin_user_management.py changed, reloading.
2025-09-10 14:59:33,056 [INFO] django.utils.autoreload - Watching for file changes with StatReloader
2025-09-10 14:59:40,664 [INFO] django.utils.autoreload - C:\Users\lenovo\Desktop\Coderize\Chhaya_Project\Chhayya_Backend\Mainapp\authentication\admin_user_management.py changed, reloading.
2025-09-10 14:59:41,812 [INFO] django.utils.autoreload - Watching for file changes with StatReloader
2025-09-10 14:59:50,427 [INFO] django.utils.autoreload - C:\Users\lenovo\Desktop\Coderize\Chhaya_Project\Chhayya_Backend\Mainapp\authentication\admin_user_management.py changed, reloading.
2025-09-10 14:59:51,610 [INFO] django.utils.autoreload - Watching for file changes with StatReloader
2025-09-10 15:00:00,684 [INFO] django.utils.autoreload - C:\Users\lenovo\Desktop\Coderize\Chhaya_Project\Chhayya_Backend\Mainapp\authentication\admin_user_management.py changed, reloading.
2025-09-10 15:00:01,813 [INFO] django.utils.autoreload - Watching for file changes with StatReloader
2025-09-10 15:00:11,643 [INFO] django.utils.autoreload - C:\Users\lenovo\Desktop\Coderize\Chhaya_Project\Chhayya_Backend\Mainapp\authentication\admin_user_management.py changed, reloading.
2025-09-10 15:00:12,944 [INFO] django.utils.autoreload - Watching for file changes with StatReloader
2025-09-10 15:00:22,743 [INFO] django.utils.autoreload - C:\Users\lenovo\Desktop\Coderize\Chhaya_Project\Chhayya_Backend\Mainapp\authentication\admin_user_management.py changed, reloading.
2025-09-10 15:00:23,888 [INFO] django.utils.autoreload - Watching for file changes with StatReloader
2025-09-10 15:00:33,667 [INFO] django.utils.autoreload - C:\Users\lenovo\Desktop\Coderize\Chhaya_Project\Chhayya_Backend\Mainapp\authentication\admin_user_management.py changed, reloading.
2025-09-10 15:00:34,821 [INFO] django.utils.autoreload - Watching for file changes with StatReloader
2025-09-10 15:00:49,866 [INFO] django.utils.autoreload - C:\Users\lenovo\Desktop\Coderize\Chhaya_Project\Chhayya_Backend\Mainapp\authentication\admin_user_management.py changed, reloading.
2025-09-10 15:00:51,017 [INFO] django.utils.autoreload - Watching for file changes with StatReloader
2025-09-10 15:01:05,199 [INFO] django.utils.autoreload - C:\Users\lenovo\Desktop\Coderize\Chhaya_Project\Chhayya_Backend\Mainapp\authentication\admin_user_management.py changed, reloading.
2025-09-10 15:01:06,418 [INFO] django.utils.autoreload - Watching for file changes with StatReloader
2025-09-10 15:01:23,902 [INFO] django.utils.autoreload - C:\Users\lenovo\Desktop\Coderize\Chhaya_Project\Chhayya_Backend\Mainapp\authentication\admin_user_management.py changed, reloading.
2025-09-10 15:01:25,007 [INFO] django.utils.autoreload - Watching for file changes with StatReloader
2025-09-10 15:01:37,171 [INFO] django.utils.autoreload - C:\Users\lenovo\Desktop\Coderize\Chhaya_Project\Chhayya_Backend\Mainapp\authentication\admin_user_management.py changed, reloading.
2025-09-10 15:01:38,335 [INFO] django.utils.autoreload - Watching for file changes with StatReloader
2025-09-10 15:02:55,979 [INFO] django.utils.autoreload - C:\Users\lenovo\Desktop\Coderize\Chhaya_Project\Chhayya_Backend\Mainapp\authentication\admin_user_management.py changed, reloading.
2025-09-10 15:02:57,250 [INFO] django.utils.autoreload - Watching for file changes with StatReloader
2025-09-10 15:03:12,459 [INFO] django.utils.autoreload - C:\Users\lenovo\Desktop\Coderize\Chhaya_Project\Chhayya_Backend\Mainapp\authentication\admin_user_management.py changed, reloading.
2025-09-10 15:03:13,765 [INFO] django.utils.autoreload - Watching for file changes with StatReloader
2025-09-10 15:05:56,263 [INFO] django.utils.autoreload - C:\Users\lenovo\Desktop\Coderize\Chhaya_Project\Chhayya_Backend\Mainapp\authentication\admin_user_management.py changed, reloading.
2025-09-10 15:05:57,404 [INFO] django.utils.autoreload - Watching for file changes with StatReloader
2025-09-10 15:06:11,483 [INFO] django.utils.autoreload - C:\Users\lenovo\Desktop\Coderize\Chhaya_Project\Chhayya_Backend\Mainapp\authentication\admin_user_management.py changed, reloading.
2025-09-10 15:06:12,859 [INFO] django.utils.autoreload - Watching for file changes with StatReloader
2025-09-10 15:06:23,684 [INFO] django.utils.autoreload - C:\Users\lenovo\Desktop\Coderize\Chhaya_Project\Chhayya_Backend\Mainapp\authentication\admin_user_management.py changed, reloading.
2025-09-10 15:06:24,854 [INFO] django.utils.autoreload - Watching for file changes with StatReloader
2025-09-10 15:06:39,970 [INFO] django.utils.autoreload - C:\Users\lenovo\Desktop\Coderize\Chhaya_Project\Chhayya_Backend\Mainapp\authentication\admin_user_management.py changed, reloading.
2025-09-10 15:06:41,120 [INFO] django.utils.autoreload - Watching for file changes with StatReloader
2025-09-10 15:06:50,911 [INFO] django.utils.autoreload - C:\Users\lenovo\Desktop\Coderize\Chhaya_Project\Chhayya_Backend\Mainapp\authentication\admin_user_management.py changed, reloading.
2025-09-10 15:06:52,182 [INFO] django.utils.autoreload - Watching for file changes with StatReloader
2025-09-10 15:07:12,765 [INFO] django.utils.autoreload - C:\Users\lenovo\Desktop\Coderize\Chhaya_Project\Chhayya_Backend\Mainapp\authentication\admin_user_management.py changed, reloading.
2025-09-10 15:07:13,959 [INFO] django.utils.autoreload - Watching for file changes with StatReloader
2025-09-10 15:07:25,049 [INFO] django.utils.autoreload - C:\Users\lenovo\Desktop\Coderize\Chhaya_Project\Chhayya_Backend\Mainapp\authentication\admin_user_management.py changed, reloading.
2025-09-10 15:07:26,310 [INFO] django.utils.autoreload - Watching for file changes with StatReloader
2025-09-10 15:07:36,225 [INFO] django.utils.autoreload - C:\Users\lenovo\Desktop\Coderize\Chhaya_Project\Chhayya_Backend\Mainapp\authentication\admin_user_management.py changed, reloading.
2025-09-10 15:07:37,485 [INFO] django.utils.autoreload - Watching for file changes with StatReloader
2025-09-10 15:07:51,996 [INFO] django.utils.autoreload - C:\Users\lenovo\Desktop\Coderize\Chhaya_Project\Chhayya_Backend\Mainapp\authentication\admin_user_management.py changed, reloading.
2025-09-10 15:07:53,170 [INFO] django.utils.autoreload - Watching for file changes with StatReloader
2025-09-10 15:08:17,353 [INFO] django.utils.autoreload - C:\Users\lenovo\Desktop\Coderize\Chhaya_Project\Chhayya_Backend\Mainapp\authentication\admin_user_management.py changed, reloading.
2025-09-10 15:08:18,825 [INFO] django.utils.autoreload - Watching for file changes with StatReloader
2025-09-10 15:08:36,429 [INFO] django.utils.autoreload - C:\Users\lenovo\Desktop\Coderize\Chhaya_Project\Chhayya_Backend\Mainapp\authentication\admin_user_management.py changed, reloading.
2025-09-10 15:08:37,658 [INFO] django.utils.autoreload - Watching for file changes with StatReloader
2025-09-10 15:09:33,035 [INFO] django.utils.autoreload - C:\Users\lenovo\Desktop\Coderize\Chhaya_Project\Chhayya_Backend\Mainapp\authentication\admin_user_management.py changed, reloading.
2025-09-10 15:09:34,270 [INFO] django.utils.autoreload - Watching for file changes with StatReloader
2025-09-10 15:09:49,391 [INFO] django.utils.autoreload - C:\Users\lenovo\Desktop\Coderize\Chhaya_Project\Chhayya_Backend\Mainapp\authentication\admin_user_management.py changed, reloading.
2025-09-10 15:09:50,535 [INFO] django.utils.autoreload - Watching for file changes with StatReloader
2025-09-10 15:10:42,071 [INFO] django.utils.autoreload - C:\Users\lenovo\Desktop\Coderize\Chhaya_Project\Chhayya_Backend\Mainapp\authentication\admin_user_management.py changed, reloading.
2025-09-10 15:10:43,502 [INFO] django.utils.autoreload - Watching for file changes with StatReloader
2025-09-10 15:11:55,339 [INFO] django.utils.autoreload - C:\Users\lenovo\Desktop\Coderize\Chhaya_Project\Chhayya_Backend\Mainapp\authentication\admin_user_management.py changed, reloading.
2025-09-10 15:11:56,526 [INFO] django.utils.autoreload - Watching for file changes with StatReloader
2025-09-10 15:12:12,138 [INFO] django.utils.autoreload - C:\Users\lenovo\Desktop\Coderize\Chhaya_Project\Chhayya_Backend\Mainapp\authentication\admin_user_management.py changed, reloading.
2025-09-10 15:12:13,384 [INFO] django.utils.autoreload - Watching for file changes with StatReloader
2025-09-10 15:22:17,766 [INFO] django.utils.autoreload - C:\Users\lenovo\Desktop\Coderize\Chhaya_Project\Chhayya_Backend\Mainapp\authentication\auth_serializer.py changed, reloading.
2025-09-10 15:22:19,397 [INFO] django.utils.autoreload - Watching for file changes with StatReloader
2025-09-10 15:22:38,238 [INFO] django.utils.autoreload - C:\Users\lenovo\Desktop\Coderize\Chhaya_Project\Chhayya_Backend\Mainapp\authentication\auth_serializer.py changed, reloading.
2025-09-10 15:22:39,412 [INFO] django.utils.autoreload - Watching for file changes with StatReloader
2025-09-10 15:22:49,255 [INFO] django.utils.autoreload - C:\Users\lenovo\Desktop\Coderize\Chhaya_Project\Chhayya_Backend\Mainapp\authentication\auth_serializer.py changed, reloading.
2025-09-10 15:22:50,405 [INFO] django.utils.autoreload - Watching for file changes with StatReloader
2025-09-10 15:23:55,410 [INFO] django.utils.autoreload - C:\Users\lenovo\Desktop\Coderize\Chhaya_Project\Chhayya_Backend\Mainapp\authentication\auth_serializer.py changed, reloading.
2025-09-10 15:23:56,600 [INFO] django.utils.autoreload - Watching for file changes with StatReloader
2025-09-10 15:24:12,317 [INFO] django.utils.autoreload - C:\Users\lenovo\Desktop\Coderize\Chhaya_Project\Chhayya_Backend\Mainapp\authentication\auth_serializer.py changed, reloading.
2025-09-10 15:24:13,937 [INFO] django.utils.autoreload - Watching for file changes with StatReloader
2025-09-10 15:24:30,771 [INFO] django.utils.autoreload - C:\Users\lenovo\Desktop\Coderize\Chhaya_Project\Chhayya_Backend\Mainapp\authentication\auth_serializer.py changed, reloading.
2025-09-10 15:24:32,131 [INFO] django.utils.autoreload - Watching for file changes with StatReloader
2025-09-10 15:25:27,542 [INFO] django.utils.autoreload - C:\Users\lenovo\Desktop\Coderize\Chhaya_Project\Chhayya_Backend\Mainapp\authentication\auth_serializer.py changed, reloading.
2025-09-10 15:25:28,925 [INFO] django.utils.autoreload - Watching for file changes with StatReloader
2025-09-10 15:25:45,081 [INFO] django.utils.autoreload - C:\Users\lenovo\Desktop\Coderize\Chhaya_Project\Chhayya_Backend\Mainapp\authentication\auth_serializer.py changed, reloading.
2025-09-10 15:25:46,306 [INFO] django.utils.autoreload - Watching for file changes with StatReloader
2025-09-10 15:26:15,524 [INFO] django.utils.autoreload - C:\Users\lenovo\Desktop\Coderize\Chhaya_Project\Chhayya_Backend\Mainapp\authentication\auth_serializer.py changed, reloading.
2025-09-10 15:26:16,673 [INFO] django.utils.autoreload - Watching for file changes with StatReloader
2025-09-10 15:26:33,952 [INFO] django.utils.autoreload - C:\Users\lenovo\Desktop\Coderize\Chhaya_Project\Chhayya_Backend\Mainapp\authentication\auth_serializer.py changed, reloading.
2025-09-10 15:26:35,123 [INFO] django.utils.autoreload - Watching for file changes with StatReloader
2025-09-10 15:28:01,959 [INFO] django.server - "OPTIONS //api/persons_status/approved/?state=Maharashtra&page=1&page_size=10 HTTP/1.1" 200 0
2025-09-10 15:28:01,959 [INFO] django.server - "OPTIONS //api/police-station-name-list/ HTTP/1.1" 200 0
2025-09-10 15:28:01,960 [INFO] django.server - "OPTIONS //api/persons_status/approved/?state=Maharashtra&page=1&page_size=10 HTTP/1.1" 200 0
2025-09-10 15:28:01,960 [INFO] django.server - "OPTIONS //api/persons_status/suspended/?state=Maharashtra&page=1&page_size=10 HTTP/1.1" 200 0
2025-09-10 15:28:01,960 [INFO] django.server - "OPTIONS //api/persons_status/on_hold/?state=Maharashtra&page=1&page_size=10 HTTP/1.1" 200 0
2025-09-10 15:28:01,960 [INFO] django.server - "OPTIONS //api/persons_status/pending/?state=Maharashtra&page=1&page_size=10 HTTP/1.1" 200 0
2025-09-10 15:28:02,183 [INFO] Mainapp.viewsets.casetype_apis - Fetching persons list with filters: {'state': 'Maharashtra', 'page': '1', 'page_size': '10'}
2025-09-10 15:28:02,183 [WARNING] django.server - "GET //static/images/default-avatar.png HTTP/1.1" 404 2002
2025-09-10 15:28:02,200 [DEBUG] Mainapp.viewsets.casetype_apis - Applying filter: state=Maharashtra
2025-09-10 15:28:02,208 [INFO] Mainapp.viewsets.casetype_apis - Fetching persons list with filters: {'state': 'Maharashtra', 'page': '1', 'page_size': '10'}
2025-09-10 15:28:02,213 [INFO] Mainapp.viewsets.casetype_apis - Fetching persons list with filters: {'state': 'Maharashtra', 'page': '1', 'page_size': '10'}
2025-09-10 15:28:02,216 [DEBUG] Mainapp.viewsets.casetype_apis - Applying filter: state=Maharashtra
2025-09-10 15:28:02,220 [INFO] Mainapp.viewsets.casetype_apis - Fetching persons list with filters: {'state': 'Maharashtra', 'page': '1', 'page_size': '10'}
2025-09-10 15:28:02,231 [DEBUG] Mainapp.viewsets.casetype_apis - Applying filter: state=Maharashtra
2025-09-10 15:28:02,239 [DEBUG] Mainapp.viewsets.casetype_apis - Applying filter: state=Maharashtra
2025-09-10 15:28:02,246 [INFO] Mainapp.viewsets.casetype_apis - Fetching persons list with filters: {'state': 'Maharashtra', 'page': '1', 'page_size': '10'}
2025-09-10 15:28:02,248 [INFO] Mainapp.viewsets.casetype_apis - Fetching persons list with filters: {'state': 'Maharashtra', 'page': '1', 'page_size': '10'}
2025-09-10 15:28:02,250 [DEBUG] Mainapp.viewsets.casetype_apis - Applying filter: state=Maharashtra
2025-09-10 15:28:02,251 [DEBUG] Mainapp.viewsets.casetype_apis - Applying filter: state=Maharashtra
2025-09-10 15:28:02,259 [INFO] django.server - "GET //api/police-station-name-list/ HTTP/1.1" 200 80
2025-09-10 15:28:02,293 [INFO] Mainapp.viewsets.casetype_apis - Fetching persons list with filters: {'state': 'Maharashtra', 'page': '1', 'page_size': '10'}
2025-09-10 15:28:02,295 [DEBUG] Mainapp.viewsets.casetype_apis - Applying filter: state=Maharashtra
2025-09-10 15:28:02,297 [INFO] Mainapp.viewsets.casetype_apis - Fetching persons list with filters: {'state': 'Maharashtra', 'page': '1', 'page_size': '10'}
2025-09-10 15:28:02,300 [DEBUG] Mainapp.viewsets.casetype_apis - Applying filter: state=Maharashtra
2025-09-10 15:28:02,351 [INFO] django.server - "GET //api/persons_status/on_hold/?state=Maharashtra&page=1&page_size=10 HTTP/1.1" 200 320
2025-09-10 15:28:02,358 [INFO] django.server - "GET //api/persons_status/pending/?state=Maharashtra&page=1&page_size=10 HTTP/1.1" 200 320
2025-09-10 15:28:02,391 [INFO] django.server - "GET //api/persons_status/suspended/?state=Maharashtra&page=1&page_size=10 HTTP/1.1" 200 324
2025-09-10 15:28:02,524 [INFO] django.server - "GET //api/persons_status/approved/?state=Maharashtra&page=1&page_size=10 HTTP/1.1" 200 2749
2025-09-10 15:28:02,713 [INFO] Mainapp.viewsets.casetype_apis - Fetching persons list with filters: {'state': 'Maharashtra', 'page': '1', 'page_size': '10'}
2025-09-10 15:28:02,714 [DEBUG] Mainapp.viewsets.casetype_apis - Applying filter: state=Maharashtra
2025-09-10 15:28:02,714 [INFO] Mainapp.viewsets.casetype_apis - Fetching persons list with filters: {'state': 'Maharashtra', 'page': '1', 'page_size': '10'}
2025-09-10 15:28:02,715 [DEBUG] Mainapp.viewsets.casetype_apis - Applying filter: state=Maharashtra
2025-09-10 15:28:02,786 [INFO] django.server - "GET //api/persons_status/approved/?state=Maharashtra&page=1&page_size=10 HTTP/1.1" 200 2749
2025-09-10 15:28:04,312 [INFO] Mainapp.viewsets.police_station -  Public access request: GET /api/police-stations/?name=&city=&district=&state=Maharashtra&page=1
2025-09-10 15:28:04,315 [INFO] Mainapp.viewsets.police_station -  LIST PoliceStations | Params: {'name': '', 'city': '', 'district': '', 'state': 'Maharashtra', 'page': '1'}
2025-09-10 15:28:04,331 [INFO] Mainapp.viewsets.filters - DISTRICTS request received from client: 127.0.0.1
2025-09-10 15:28:04,334 [DEBUG] Mainapp.viewsets.filters - Request query params: {'state': ['Maharashtra']}
2025-09-10 15:28:04,335 [DEBUG] Mainapp.viewsets.filters - Fetching districts for state: Maharashtra
2025-09-10 15:28:04,542 [INFO] Mainapp.viewsets.police_station -  LIST Response count: 1
2025-09-10 15:28:04,545 [INFO] django.server - "GET //api/police-stations/?name=&city=&district=&state=Maharashtra&page=1 HTTP/1.1" 200 1727
2025-09-10 15:28:04,590 [WARNING] django.request - Not Found: /null
2025-09-10 15:28:04,594 [WARNING] django.server - "GET /null HTTP/1.1" 404 9642
2025-09-10 15:28:04,602 [DEBUG] Mainapp.viewsets.filters - Found 9 districts from Person model for state: Maharashtra
2025-09-10 15:28:04,628 [DEBUG] Mainapp.viewsets.filters - Found 6 districts from Address model for state: Maharashtra
2025-09-10 15:28:04,630 [DEBUG] Mainapp.viewsets.filters - Normalizing queryset with 9 items
2025-09-10 15:28:04,632 [DEBUG] Mainapp.viewsets.filters - Normalized to 3 unique items
2025-09-10 15:28:04,635 [DEBUG] Mainapp.viewsets.filters - Normalizing queryset with 6 items
2025-09-10 15:28:04,695 [DEBUG] Mainapp.viewsets.filters - Normalized to 3 unique items
2025-09-10 15:28:04,719 [INFO] Mainapp.viewsets.filters - Returning 4 unique districts for state: Maharashtra
2025-09-10 15:28:04,726 [DEBUG] Mainapp.viewsets.filters - Districts data for Maharashtra: ['Amravati', 'Jalna', 'Mumbai', 'Pune']
2025-09-10 15:28:04,729 [INFO] django.server - "GET //api/filters_address/districts/?state=Maharashtra HTTP/1.1" 200 36
2025-09-10 15:28:04,748 [INFO] Mainapp.viewsets.filters - DISTRICTS request received from client: 127.0.0.1
2025-09-10 15:28:04,759 [DEBUG] Mainapp.viewsets.filters - Request query params: {'state': ['Maharashtra']}
2025-09-10 15:28:04,759 [DEBUG] Mainapp.viewsets.filters - Fetching districts for state: Maharashtra
2025-09-10 15:28:04,845 [DEBUG] Mainapp.viewsets.filters - Found 9 districts from Person model for state: Maharashtra
2025-09-10 15:28:04,858 [DEBUG] Mainapp.viewsets.filters - Found 6 districts from Address model for state: Maharashtra
2025-09-10 15:28:04,860 [DEBUG] Mainapp.viewsets.filters - Normalizing queryset with 9 items
2025-09-10 15:28:04,860 [DEBUG] Mainapp.viewsets.filters - Normalized to 3 unique items
2025-09-10 15:28:04,861 [DEBUG] Mainapp.viewsets.filters - Normalizing queryset with 6 items
2025-09-10 15:28:04,862 [DEBUG] Mainapp.viewsets.filters - Normalized to 3 unique items
2025-09-10 15:28:04,863 [INFO] Mainapp.viewsets.filters - Returning 4 unique districts for state: Maharashtra
2025-09-10 15:28:04,863 [DEBUG] Mainapp.viewsets.filters - Districts data for Maharashtra: ['Amravati', 'Jalna', 'Mumbai', 'Pune']
2025-09-10 15:28:04,864 [INFO] django.server - "GET //api/filters_address/districts/?state=Maharashtra HTTP/1.1" 200 36
2025-09-10 15:28:08,651 [INFO] Mainapp.viewsets.filters - DISTRICTS request received from client: 127.0.0.1
2025-09-10 15:28:08,657 [DEBUG] Mainapp.viewsets.hospital - Public access method detected: GET
2025-09-10 15:28:08,658 [DEBUG] Mainapp.viewsets.filters - Request query params: {'state': ['Maharashtra']}
2025-09-10 15:28:08,660 [INFO] Mainapp.viewsets.hospital - Fetching hospital list with filters
2025-09-10 15:28:08,661 [DEBUG] Mainapp.viewsets.filters - Fetching districts for state: Maharashtra
2025-09-10 15:28:08,661 [DEBUG] Mainapp.viewsets.hospital - Filters received -> name: , city: , district: , state: Maharashtra, type: , status: 
2025-09-10 15:28:08,780 [DEBUG] Mainapp.viewsets.filters - Found 9 districts from Person model for state: Maharashtra
2025-09-10 15:28:08,792 [INFO] Mainapp.viewsets.hospital - Query executed successfully. Total records found: 3
2025-09-10 15:28:08,803 [DEBUG] Mainapp.viewsets.filters - Found 6 districts from Address model for state: Maharashtra
2025-09-10 15:28:08,807 [DEBUG] Mainapp.viewsets.filters - Normalizing queryset with 9 items
2025-09-10 15:28:08,816 [DEBUG] Mainapp.viewsets.filters - Normalized to 3 unique items
2025-09-10 15:28:08,818 [DEBUG] Mainapp.viewsets.filters - Normalizing queryset with 6 items
2025-09-10 15:28:08,823 [DEBUG] Mainapp.viewsets.filters - Normalized to 3 unique items
2025-09-10 15:28:08,824 [INFO] Mainapp.viewsets.filters - Returning 4 unique districts for state: Maharashtra
2025-09-10 15:28:08,824 [DEBUG] Mainapp.viewsets.filters - Districts data for Maharashtra: ['Amravati', 'Jalna', 'Mumbai', 'Pune']
2025-09-10 15:28:08,831 [INFO] django.server - "GET //api/filters_address/districts/?state=Maharashtra HTTP/1.1" 200 36
2025-09-10 15:28:08,841 [DEBUG] Mainapp.viewsets.hospital - Paginated response prepared with 3 records
2025-09-10 15:28:08,845 [INFO] django.server - "GET //api/hospitals/?name=&city=&district=&state=Maharashtra&type=&page=1 HTTP/1.1" 200 4377
2025-09-10 16:42:45,951 [INFO] Mainapp.viewsets.filters - DISTRICTS request received from client: 127.0.0.1
2025-09-10 16:42:45,952 [DEBUG] Mainapp.viewsets.filters - Request query params: {'state': ['Maharashtra']}
2025-09-10 16:42:45,954 [DEBUG] Mainapp.viewsets.hospital - Public access method detected: GET
2025-09-10 16:42:45,955 [DEBUG] Mainapp.viewsets.filters - Fetching districts for state: Maharashtra
2025-09-10 16:42:45,955 [INFO] Mainapp.viewsets.hospital - Fetching hospital list with filters
2025-09-10 16:42:45,967 [DEBUG] Mainapp.viewsets.hospital - Filters received -> name: , city: , district: , state: Maharashtra, type: , status: 
2025-09-10 16:42:46,157 [WARNING] django.server - "GET //static/images/default-avatar.png HTTP/1.1" 404 2002
2025-09-10 16:42:46,196 [INFO] Mainapp.viewsets.hospital - Query executed successfully. Total records found: 3
2025-09-10 16:42:46,197 [DEBUG] Mainapp.viewsets.filters - Found 9 districts from Person model for state: Maharashtra
2025-09-10 16:42:46,221 [DEBUG] Mainapp.viewsets.filters - Found 6 districts from Address model for state: Maharashtra
2025-09-10 16:42:46,240 [DEBUG] Mainapp.viewsets.filters - Normalizing queryset with 9 items
2025-09-10 16:42:46,240 [DEBUG] Mainapp.viewsets.filters - Normalized to 3 unique items
2025-09-10 16:42:46,244 [DEBUG] Mainapp.viewsets.filters - Normalizing queryset with 6 items
2025-09-10 16:42:46,247 [DEBUG] Mainapp.viewsets.filters - Normalized to 3 unique items
2025-09-10 16:42:46,247 [INFO] Mainapp.viewsets.filters - Returning 4 unique districts for state: Maharashtra
2025-09-10 16:42:46,256 [DEBUG] Mainapp.viewsets.filters - Districts data for Maharashtra: ['Amravati', 'Jalna', 'Mumbai', 'Pune']
2025-09-10 16:42:46,259 [INFO] django.server - "GET //api/filters_address/districts/?state=Maharashtra HTTP/1.1" 200 36
2025-09-10 16:42:46,398 [DEBUG] Mainapp.viewsets.hospital - Paginated response prepared with 3 records
2025-09-10 16:42:46,400 [INFO] django.server - "GET //api/hospitals/?name=&city=&district=&state=Maharashtra&type=&page=1 HTTP/1.1" 200 4377
2025-09-10 16:43:04,750 [INFO] django.server - "OPTIONS //api/users/ HTTP/1.1" 200 0
2025-09-10 16:43:05,569 [DEBUG] Mainapp.authentication.auth_serializer - Getting profile image for user ID: 832326d2-40ae-4c74-8f23-bd70d3458a9b
2025-09-10 16:43:05,569 [DEBUG] Mainapp.authentication.auth_serializer - Using default avatar for user 832326d2-40ae-4c74-8f23-bd70d3458a9b
2025-09-10 16:43:05,572 [INFO] django.server - "POST //api/users/ HTTP/1.1" 200 595
2025-09-10 16:43:05,735 [INFO] Mainapp.viewsets.filters - DISTRICTS request received from client: 127.0.0.1
2025-09-10 16:43:05,736 [DEBUG] Mainapp.viewsets.filters - Request query params: {'state': ['Maharashtra']}
2025-09-10 16:43:05,743 [DEBUG] Mainapp.viewsets.filters - Fetching districts for state: Maharashtra
2025-09-10 16:43:05,919 [DEBUG] Mainapp.viewsets.filters - Found 9 districts from Person model for state: Maharashtra
2025-09-10 16:43:05,938 [DEBUG] Mainapp.viewsets.filters - Found 6 districts from Address model for state: Maharashtra
2025-09-10 16:43:05,941 [DEBUG] Mainapp.viewsets.filters - Normalizing queryset with 9 items
2025-09-10 16:43:05,943 [DEBUG] Mainapp.viewsets.filters - Normalized to 3 unique items
2025-09-10 16:43:05,944 [DEBUG] Mainapp.viewsets.filters - Normalizing queryset with 6 items
2025-09-10 16:43:05,945 [DEBUG] Mainapp.viewsets.filters - Normalized to 3 unique items
2025-09-10 16:43:05,946 [INFO] Mainapp.viewsets.filters - Returning 4 unique districts for state: Maharashtra
2025-09-10 16:43:05,946 [DEBUG] Mainapp.viewsets.filters - Districts data for Maharashtra: ['Amravati', 'Jalna', 'Mumbai', 'Pune']
2025-09-10 16:43:05,947 [INFO] django.server - "GET //api/filters_address/districts/?state=Maharashtra HTTP/1.1" 200 36
2025-09-10 16:43:06,047 [INFO] Mainapp.viewsets.filters - DISTRICTS request received from client: 127.0.0.1
2025-09-10 16:43:06,048 [DEBUG] Mainapp.viewsets.filters - Request query params: {'state': ['Maharashtra']}
2025-09-10 16:43:06,049 [DEBUG] Mainapp.viewsets.filters - Fetching districts for state: Maharashtra
2025-09-10 16:43:06,309 [DEBUG] Mainapp.viewsets.filters - Found 9 districts from Person model for state: Maharashtra
2025-09-10 16:43:06,363 [DEBUG] Mainapp.viewsets.filters - Found 6 districts from Address model for state: Maharashtra
2025-09-10 16:43:06,376 [DEBUG] Mainapp.viewsets.filters - Normalizing queryset with 9 items
2025-09-10 16:43:06,382 [WARNING] django.server - "GET //static/images/default-avatar.png HTTP/1.1" 404 2002
2025-09-10 16:43:06,384 [DEBUG] Mainapp.viewsets.filters - Normalized to 3 unique items
2025-09-10 16:43:06,416 [DEBUG] Mainapp.viewsets.filters - Normalizing queryset with 6 items
2025-09-10 16:43:06,418 [DEBUG] Mainapp.viewsets.filters - Normalized to 3 unique items
2025-09-10 16:43:06,421 [INFO] Mainapp.viewsets.filters - Returning 4 unique districts for state: Maharashtra
2025-09-10 16:43:06,422 [DEBUG] Mainapp.viewsets.filters - Districts data for Maharashtra: ['Amravati', 'Jalna', 'Mumbai', 'Pune']
2025-09-10 16:43:06,424 [INFO] django.server - "GET //api/filters_address/districts/?state=Maharashtra HTTP/1.1" 200 36
2025-09-10 16:43:07,319 [DEBUG] Mainapp.viewsets.person_api - Getting permissions for action: retrieve
2025-09-10 16:43:07,320 [DEBUG] Mainapp.viewsets.person_api - Getting permissions for action: retrieve
2025-09-10 16:43:07,320 [INFO] Mainapp.viewsets.person_api - Allowing public access for action: retrieve
2025-09-10 16:43:07,321 [INFO] Mainapp.viewsets.person_api - Allowing public access for action: retrieve
2025-09-10 16:43:07,321 [INFO] Mainapp.viewsets.person_api - RETRIEVE request for person ID: d85ada94-6070-4159-802e-c13201e131ba from user: AnonymousUser
2025-09-10 16:43:07,321 [INFO] Mainapp.viewsets.person_api - RETRIEVE request for person ID: d34c7034-cf60-4985-9230-04f750c6ffc5 from user: AnonymousUser
2025-09-10 16:43:07,486 [WARNING] Mainapp.viewsets.person_api - Person with ID d85ada94-6070-4159-802e-c13201e131ba not found or not approved
2025-09-10 16:43:07,512 [WARNING] django.request - Not Found: /api/persons/d85ada94-6070-4159-802e-c13201e131ba/
2025-09-10 16:43:07,518 [WARNING] django.server - "GET //api/persons/d85ada94-6070-4159-802e-c13201e131ba/ HTTP/1.1" 404 28
2025-09-10 16:43:07,599 [WARNING] Mainapp.viewsets.person_api - Person with ID d34c7034-cf60-4985-9230-04f750c6ffc5 not found or not approved
2025-09-10 16:43:07,602 [WARNING] django.request - Not Found: /api/persons/d34c7034-cf60-4985-9230-04f750c6ffc5/
2025-09-10 16:43:07,604 [WARNING] django.server - "GET //api/persons/d34c7034-cf60-4985-9230-04f750c6ffc5/ HTTP/1.1" 404 28
